{
  "timestamp": "2025-12-11T22:35:26.169Z",
  "iterations": 2,
  "results": {
    "typescript": {
      "errors": [
        "app/(dashboard)/coach/college/discover/page.tsx(631,10): error TS17008: JSX element 'motion.div' has no corresponding closing tag.",
        "app/(dashboard)/coach/college/discover/page.tsx(697,11): error TS17002: Expected corresponding JSX closing tag for 'div'.",
        "app/(dashboard)/coach/college/discover/page.tsx(1006,1): error TS1381: Unexpected token. Did you mean `{'}'}` or `&rbrace;`?",
        "app/(dashboard)/coach/college/discover/page.tsx(1012,50): error TS1005: '}' expected.",
        "app/(dashboard)/coach/college/discover/page.tsx(1012,78): error TS1381: Unexpected token. Did you mean `{'}'}` or `&rbrace;`?",
        "app/(dashboard)/coach/college/discover/page.tsx(1013,3): error TS1109: Expression expected.",
        "app/(dashboard)/coach/college/discover/page.tsx(1018,1): error TS1381: Unexpected token. Did you mean `{'}'}` or `&rbrace;`?",
        "app/(dashboard)/coach/college/discover/page.tsx(1025,9): error TS1005: '}' expected.",
        "app/(dashboard)/coach/college/discover/page.tsx(1026,25): error TS1382: Unexpected token. Did you mean `{'>'}` or `&gt;`?",
        "app/(dashboard)/coach/college/discover/page.tsx(1027,15): error TS1382: Unexpected token. Did you mean `{'>'}` or `&gt;`?",
        "app/(dashboard)/coach/college/discover/page.tsx(1028,1): error TS1381: Unexpected token. Did you mean `{'}'}` or `&rbrace;`?",
        "app/(dashboard)/coach/college/discover/page.tsx(1029,3): error TS1109: Expression expected.",
        "app/(dashboard)/coach/college/discover/page.tsx(1030,6): error TS17008: JSX element 'div' has no corresponding closing tag.",
        "app/(dashboard)/coach/college/page.tsx(470,6): error TS17008: JSX element 'motion.div' has no corresponding closing tag.",
        "app/(dashboard)/coach/college/page.tsx(490,8): error TS17008: JSX element 'div' has no corresponding closing tag.",
        "app/(dashboard)/coach/college/page.tsx(635,11): error TS17002: Expected corresponding JSX closing tag for 'div'.",
        "app/(dashboard)/coach/college/page.tsx(636,9): error TS17002: Expected corresponding JSX closing tag for 'motion.section'.",
        "app/(dashboard)/coach/college/page.tsx(709,17): error TS17002: Expected corresponding JSX closing tag for 'div'.",
        "app/(dashboard)/coach/college/page.tsx(728,17): error TS17002: Expected corresponding JSX closing tag for 'div'.",
        "app/(dashboard)/coach/college/page.tsx(729,15): error TS17002: Expected corresponding JSX closing tag for 'div'.",
        "app/(dashboard)/coach/college/page.tsx(730,13): error TS17002: Expected corresponding JSX closing tag for 'div'.",
        "app/(dashboard)/coach/college/page.tsx(746,17): error TS17002: Expected corresponding JSX closing tag for 'div'.",
        "app/(dashboard)/coach/college/page.tsx(780,17): error TS17002: Expected corresponding JSX closing tag for 'div'.",
        "app/(dashboard)/coach/college/page.tsx(794,17): error TS17002: Expected corresponding JSX closing tag for 'div'.",
        "app/(dashboard)/coach/college/page.tsx(795,15): error TS17002: Expected corresponding JSX closing tag for 'div'.",
        "app/(dashboard)/coach/college/page.tsx(802,19): error TS17002: Expected corresponding JSX closing tag for 'div'.",
        "app/(dashboard)/coach/college/page.tsx(809,17): error TS17002: Expected corresponding JSX closing tag for 'div'.",
        "app/(dashboard)/coach/college/page.tsx(820,17): error TS17002: Expected corresponding JSX closing tag for 'div'.",
        "app/(dashboard)/coach/college/page.tsx(831,13): error TS17002: Expected corresponding JSX closing tag for 'div'.",
        "app/(dashboard)/coach/college/page.tsx(832,11): error TS17002: Expected corresponding JSX closing tag for 'div'.",
        "app/(dashboard)/coach/college/page.tsx(839,7): error TS17002: Expected corresponding JSX closing tag for 'div'.",
        "app/(dashboard)/coach/college/page.tsx(841,1): error TS1381: Unexpected token. Did you mean `{'}'}` or `&rbrace;`?",
        "app/(dashboard)/coach/college/page.tsx(848,7): error TS1005: '}' expected.",
        "app/(dashboard)/coach/college/page.tsx(854,17): error TS1382: Unexpected token. Did you mean `{'>'}` or `&gt;`?",
        "app/(dashboard)/coach/college/page.tsx(855,1): error TS1381: Unexpected token. Did you mean `{'}'}` or `&rbrace;`?",
        "app/(dashboard)/coach/college/page.tsx(858,3): error TS1109: Expression expected.",
        "app/(dashboard)/coach/college/page.tsx(878,11): error TS17002: Expected corresponding JSX closing tag for 'div'.",
        "app/(dashboard)/coach/college/page.tsx(882,11): error TS17002: Expected corresponding JSX closing tag for 'div'.",
        "app/(dashboard)/coach/college/page.tsx(883,9): error TS17002: Expected corresponding JSX closing tag for 'div'.",
        "app/(dashboard)/coach/college/page.tsx(888,1): error TS1381: Unexpected token. Did you mean `{'}'}` or `&rbrace;`?",
        "app/(dashboard)/coach/college/page.tsx(891,11): error TS1005: '}' expected.",
        "app/(dashboard)/coach/college/page.tsx(893,15): error TS1382: Unexpected token. Did you mean `{'>'}` or `&gt;`?",
        "app/(dashboard)/coach/college/page.tsx(894,26): error TS1382: Unexpected token. Did you mean `{'>'}` or `&gt;`?",
        "app/(dashboard)/coach/college/page.tsx(895,1): error TS1381: Unexpected token. Did you mean `{'}'}` or `&rbrace;`?",
        "app/(dashboard)/coach/college/page.tsx(898,3): error TS1109: Expression expected.",
        "app/(dashboard)/coach/college/page.tsx(925,9): error TS17002: Expected corresponding JSX closing tag for 'div'.",
        "app/(dashboard)/coach/college/page.tsx(947,9): error TS17002: Expected corresponding JSX closing tag for 'div'.",
        "app/(dashboard)/coach/college/page.tsx(948,7): error TS17002: Expected corresponding JSX closing tag for 'div'.",
        "app/(dashboard)/coach/college/page.tsx(950,1): error TS1381: Unexpected token. Did you mean `{'}'}` or `&rbrace;`?",
        "app/(dashboard)/coach/college/page.tsx(953,7): error TS1005: '}' expected.",
        "app/(dashboard)/coach/college/page.tsx(958,17): error TS1382: Unexpected token. Did you mean `{'>'}` or `&gt;`?",
        "app/(dashboard)/coach/college/page.tsx(959,1): error TS1381: Unexpected token. Did you mean `{'}'}` or `&rbrace;`?",
        "app/(dashboard)/coach/college/page.tsx(962,3): error TS1109: Expression expected.",
        "app/(dashboard)/coach/college/page.tsx(975,11): error TS17002: Expected corresponding JSX closing tag for 'div'.",
        "app/(dashboard)/coach/college/page.tsx(976,9): error TS17002: Expected corresponding JSX closing tag for 'div'.",
        "app/(dashboard)/coach/college/page.tsx(999,11): error TS17002: Expected corresponding JSX closing tag for 'div'.",
        "app/(dashboard)/coach/college/page.tsx(1003,1): error TS1381: Unexpected token. Did you mean `{'}'}` or `&rbrace;`?",
        "app/(dashboard)/coach/college/page.tsx(1006,7): error TS1005: '}' expected.",
        "app/(dashboard)/coach/college/page.tsx(1008,17): error TS1382: Unexpected token. Did you mean `{'>'}` or `&gt;`?",
        "app/(dashboard)/coach/college/page.tsx(1009,1): error TS1381: Unexpected token. Did you mean `{'}'}` or `&rbrace;`?",
        "app/(dashboard)/coach/college/page.tsx(1012,3): error TS1109: Expression expected.",
        "app/(dashboard)/coach/college/page.tsx(1013,9): error TS1005: '}' expected.",
        "app/(dashboard)/coach/college/page.tsx(1013,18): error TS1005: '}' expected.",
        "app/(dashboard)/coach/college/page.tsx(1013,78): error TS1381: Unexpected token. Did you mean `{'}'}` or `&rbrace;`?",
        "app/(dashboard)/coach/college/page.tsx(1014,21): error TS1005: '}' expected.",
        "app/(dashboard)/coach/college/page.tsx(1014,80): error TS1381: Unexpected token. Did you mean `{'}'}` or `&rbrace;`?",
        "app/(dashboard)/coach/college/page.tsx(1015,18): error TS1005: '}' expected.",
        "app/(dashboard)/coach/college/page.tsx(1015,74): error TS1381: Unexpected token. Did you mean `{'}'}` or `&rbrace;`?",
        "app/(dashboard)/coach/college/page.tsx(1016,3): error TS1381: Unexpected token. Did you mean `{'}'}` or `&rbrace;`?",
        "app/(dashboard)/coach/college/page.tsx(1018,37): error TS1382: Unexpected token. Did you mean `{'>'}` or `&gt;`?",
        "app/(dashboard)/coach/college/page.tsx(1035,9): error TS17002: Expected corresponding JSX closing tag for 'div'.",
        "app/(dashboard)/coach/college/page.tsx(1050,11): error TS17002: Expected corresponding JSX closing tag for 'div'.",
        "app/(dashboard)/coach/college/page.tsx(1056,13): error TS17002: Expected corresponding JSX closing tag for 'div'.",
        "app/(dashboard)/coach/college/page.tsx(1065,13): error TS17002: Expected corresponding JSX closing tag for 'div'.",
        "app/(dashboard)/coach/college/page.tsx(1066,11): error TS17002: Expected corresponding JSX closing tag for 'div'.",
        "app/(dashboard)/coach/college/page.tsx(1072,13): error TS17002: Expected corresponding JSX closing tag for 'div'.",
        "app/(dashboard)/coach/college/page.tsx(1076,13): error TS17002: Expected corresponding JSX closing tag for 'div'.",
        "app/(dashboard)/coach/college/page.tsx(1098,11): error TS17002: Expected corresponding JSX closing tag for 'div'.",
        "app/(dashboard)/coach/college/page.tsx(1099,9): error TS17002: Expected corresponding JSX closing tag for 'div'.",
        "app/(dashboard)/coach/college/page.tsx(1100,7): error TS17002: Expected corresponding JSX closing tag for 'div'.",
        "app/(dashboard)/coach/college/page.tsx(1102,1): error TS1381: Unexpected token. Did you mean `{'}'}` or `&rbrace;`?",
        "app/(dashboard)/coach/college/page.tsx(1103,1): error TS1005: '</' expected.",
        "app/(dashboard)/college/[id]/page.tsx(44,10): error TS17008: JSX element 'div' has no corresponding closing tag.",
        "app/(dashboard)/college/[id]/page.tsx(75,17): error TS17002: Expected corresponding JSX closing tag for 'div'.",
        "app/(dashboard)/college/[id]/page.tsx(80,19): error TS17002: Expected corresponding JSX closing tag for 'div'.",
        "app/(dashboard)/college/[id]/page.tsx(82,15): error TS17002: Expected corresponding JSX closing tag for 'div'.",
        "app/(dashboard)/college/[id]/page.tsx(96,15): error TS17002: Expected corresponding JSX closing tag for 'div'.",
        "app/(dashboard)/college/[id]/page.tsx(97,13): error TS17002: Expected corresponding JSX closing tag for 'div'.",
        "app/(dashboard)/college/[id]/page.tsx(129,11): error TS17002: Expected corresponding JSX closing tag for 'div'.",
        "app/(dashboard)/college/[id]/page.tsx(162,11): error TS17002: Expected corresponding JSX closing tag for 'div'.",
        "app/(dashboard)/college/[id]/page.tsx(163,9): error TS17002: Expected corresponding JSX closing tag for 'div'.",
        "app/(dashboard)/college/[id]/page.tsx(164,5): error TS1005: ')' expected.",
        "app/(dashboard)/college/[id]/page.tsx(165,3): error TS1109: Expression expected.",
        "app/(dashboard)/player/discover/page.tsx(989,7): error TS17002: Expected corresponding JSX closing tag for 'motion.div'.",
        "app/(dashboard)/player/page.tsx(460,14): error TS17008: JSX element 'div' has no corresponding closing tag.",
        "app/(dashboard)/player/page.tsx(650,14): error TS17008: JSX element 'motion.div' has no corresponding closing tag.",
        "app/(dashboard)/player/page.tsx(805,14): error TS17008: JSX element 'motion.div' has no corresponding closing tag.",
        "app/(dashboard)/player/page.tsx(928,11): error TS17002: Expected corresponding JSX closing tag for 'motion.div'.",
        "app/(dashboard)/player/page.tsx(929,7): error TS1005: ')' expected.",
        "app/(dashboard)/player/page.tsx(933,12): error TS1005: ';' expected.",
        "app/(dashboard)/player/page.tsx(1330,7): error TS1128: Declaration or statement expected.",
        "app/(dashboard)/player/page.tsx(1334,18): error TS1136: Property assignment expected.",
        "app/(dashboard)/player/page.tsx(1334,21): error TS1005: ';' expected.",
        "app/(dashboard)/player/page.tsx(1335,25): error TS1005: ',' expected.",
        "app/(dashboard)/player/page.tsx(1336,20): error TS1136: Property assignment expected.",
        "app/(dashboard)/player/page.tsx(1336,23): error TS1005: ';' expected.",
        "app/(dashboard)/player/page.tsx(1340,10): error TS1128: Declaration or statement expected.",
        "app/(dashboard)/player/page.tsx(1341,7): error TS1161: Unterminated regular expression literal.",
        "app/(dashboard)/player/page.tsx(1342,5): error TS1128: Declaration or statement expected.",
        "app/(dashboard)/player/page.tsx(1343,3): error TS1109: Expression expected.",
        "app/(dashboard)/player/page.tsx(1344,1): error TS1128: Declaration or statement expected.",
        "app/(dashboard)/player/profile/page.tsx(263,6): error TS17008: JSX element 'motion.div' has no corresponding closing tag.",
        "app/(dashboard)/player/profile/page.tsx(273,8): error TS17008: JSX element 'div' has no corresponding closing tag.",
        "app/(dashboard)/player/profile/page.tsx(441,15): error TS17002: Expected corresponding JSX closing tag for 'div'.",
        "app/(dashboard)/player/profile/page.tsx(442,13): error TS17002: Expected corresponding JSX closing tag for 'div'.",
        "app/(dashboard)/player/profile/page.tsx(449,16): error TS17008: JSX element 'div' has no corresponding closing tag.",
        "app/(dashboard)/player/profile/page.tsx(555,16): error TS17008: JSX element 'div' has no corresponding closing tag.",
        "app/(dashboard)/player/profile/page.tsx(603,16): error TS17008: JSX element 'div' has no corresponding closing tag.",
        "app/(dashboard)/player/profile/page.tsx(675,16): error TS17008: JSX element 'div' has no corresponding closing tag.",
        "app/(dashboard)/player/profile/page.tsx(705,11): error TS17002: Expected corresponding JSX closing tag for 'motion.div'.",
        "app/(dashboard)/player/profile/page.tsx(706,9): error TS17002: Expected corresponding JSX closing tag for 'TabsContent'.",
        "app/(dashboard)/player/profile/page.tsx(707,7): error TS17002: Expected corresponding JSX closing tag for 'Tabs'.",
        "app/(dashboard)/player/profile/page.tsx(709,1): error TS1381: Unexpected token. Did you mean `{'}'}` or `&rbrace;`?",
        "app/(dashboard)/player/profile/page.tsx(712,3): error TS1109: Expression expected.",
        "app/(dashboard)/player/profile/page.tsx(721,1): error TS1381: Unexpected token. Did you mean `{'}'}` or `&rbrace;`?",
        "app/(dashboard)/player/profile/page.tsx(722,1): error TS1005: '</' expected.",
        "app/(public)/profile/[id]/page.tsx(80,10): error TS17008: JSX element 'div' has no corresponding closing tag.",
        "app/(public)/profile/[id]/page.tsx(114,17): error TS17002: Expected corresponding JSX closing tag for 'div'.",
        "app/(public)/profile/[id]/page.tsx(120,15): error TS17002: Expected corresponding JSX closing tag for 'div'.",
        "app/(public)/profile/[id]/page.tsx(126,15): error TS17002: Expected corresponding JSX closing tag for 'div'.",
        "app/(public)/profile/[id]/page.tsx(127,13): error TS17002: Expected corresponding JSX closing tag for 'div'.",
        "app/(public)/profile/[id]/page.tsx(159,11): error TS17002: Expected corresponding JSX closing tag for 'div'.",
        "app/(public)/profile/[id]/page.tsx(177,9): error TS17002: Expected corresponding JSX closing tag for 'div'.",
        "app/(public)/profile/[id]/page.tsx(178,5): error TS1005: ')' expected.",
        "app/(public)/profile/[id]/page.tsx(179,3): error TS1109: Expression expected.",
        "app/coach/hs/dashboard/roster/page.tsx(102,13): error TS1005: '}' expected.",
        "app/coach/hs/dashboard/roster/page.tsx(103,9): error TS1381: Unexpected token. Did you mean `{'}'}` or `&rbrace;`?",
        "app/coach/hs/dashboard/roster/page.tsx(104,8): error TS1382: Unexpected token. Did you mean `{'>'}` or `&gt;`?",
        "app/coach/player/[id]/page.tsx(456,7): error TS1005: ')' expected.",
        "app/coach/player/[id]/page.tsx(481,11): error TS1128: Declaration or statement expected.",
        "app/coach/player/[id]/page.tsx(482,3): error TS1128: Declaration or statement expected.",
        "app/coach/player/[id]/page.tsx(482,4): error TS1128: Declaration or statement expected.",
        "app/coach/player/[id]/page.tsx(482,13): error TS1005: ';' expected.",
        "app/coach/player/[id]/page.tsx(1003,11): error TS1005: '}' expected.",
        "app/coach/player/[id]/page.tsx(1003,12): error TS1381: Unexpected token. Did you mean `{'}'}` or `&rbrace;`?",
        "app/coach/player/[id]/page.tsx(1003,13): error TS1381: Unexpected token. Did you mean `{'}'}` or `&rbrace;`?",
        "app/coach/player/[id]/page.tsx(1301,1): error TS1128: Declaration or statement expected.",
        "app/coach/program/[id]/page.tsx(371,21): error TS1005: ')' expected.",
        "app/onboarding/coach/page.tsx(281,13): error TS1381: Unexpected token. Did you mean `{'}'}` or `&rbrace;`?",
        "app/onboarding/coach/page.tsx(297,11): error TS1005: '}' expected.",
        "app/onboarding/coach/page.tsx(297,12): error TS1381: Unexpected token. Did you mean `{'}'}` or `&rbrace;`?",
        "app/onboarding/coach/page.tsx(297,13): error TS1381: Unexpected token. Did you mean `{'}'}` or `&rbrace;`?",
        "app/onboarding/coach/page.tsx(300,18): error TS1382: Unexpected token. Did you mean `{'>'}` or `&gt;`?",
        "app/onboarding/coach/page.tsx(309,11): error TS1005: '}' expected.",
        "app/onboarding/coach/page.tsx(309,12): error TS1381: Unexpected token. Did you mean `{'}'}` or `&rbrace;`?",
        "app/onboarding/coach/page.tsx(309,13): error TS1381: Unexpected token. Did you mean `{'}'}` or `&rbrace;`?",
        "app/onboarding/coach/page.tsx(312,22): error TS1382: Unexpected token. Did you mean `{'>'}` or `&gt;`?",
        "app/onboarding/coach/page.tsx(319,11): error TS1005: '}' expected.",
        "app/onboarding/coach/page.tsx(319,12): error TS1381: Unexpected token. Did you mean `{'}'}` or `&rbrace;`?",
        "app/onboarding/coach/page.tsx(319,13): error TS1381: Unexpected token. Did you mean `{'}'}` or `&rbrace;`?",
        "app/onboarding/coach/page.tsx(322,22): error TS1382: Unexpected token. Did you mean `{'>'}` or `&gt;`?",
        "app/onboarding/coach/page.tsx(327,11): error TS1005: '}' expected.",
        "app/onboarding/coach/page.tsx(327,12): error TS1381: Unexpected token. Did you mean `{'}'}` or `&rbrace;`?",
        "app/onboarding/coach/page.tsx(327,13): error TS1381: Unexpected token. Did you mean `{'}'}` or `&rbrace;`?",
        "app/onboarding/coach/page.tsx(327,14): error TS1382: Unexpected token. Did you mean `{'>'}` or `&gt;`?",
        "app/onboarding/coach/page.tsx(336,23): error TS17002: Expected corresponding JSX closing tag for 'div'.",
        "app/onboarding/coach/page.tsx(337,21): error TS17015: Expected corresponding closing tag for JSX fragment.",
        "app/onboarding/coach/page.tsx(337,24): error TS1382: Unexpected token. Did you mean `{'>'}` or `&gt;`?",
        "app/onboarding/coach/page.tsx(343,11): error TS1005: '}' expected.",
        "app/onboarding/coach/page.tsx(343,12): error TS1381: Unexpected token. Did you mean `{'}'}` or `&rbrace;`?",
        "app/onboarding/coach/page.tsx(343,13): error TS1381: Unexpected token. Did you mean `{'}'}` or `&rbrace;`?",
        "app/onboarding/coach/page.tsx(346,22): error TS1382: Unexpected token. Did you mean `{'>'}` or `&gt;`?",
        "app/onboarding/coach/page.tsx(348,19): error TS1003: Identifier expected.",
        "app/onboarding/coach/page.tsx(349,16): error TS1381: Unexpected token. Did you mean `{'}'}` or `&rbrace;`?",
        "app/onboarding/coach/page.tsx(358,11): error TS1005: '}' expected.",
        "app/onboarding/coach/page.tsx(358,12): error TS1381: Unexpected token. Did you mean `{'}'}` or `&rbrace;`?",
        "app/onboarding/coach/page.tsx(358,13): error TS1381: Unexpected token. Did you mean `{'}'}` or `&rbrace;`?",
        "app/onboarding/coach/page.tsx(361,22): error TS1382: Unexpected token. Did you mean `{'>'}` or `&gt;`?",
        "app/onboarding/coach/page.tsx(368,11): error TS1005: '}' expected.",
        "app/onboarding/coach/page.tsx(368,12): error TS1381: Unexpected token. Did you mean `{'}'}` or `&rbrace;`?",
        "app/onboarding/coach/page.tsx(368,13): error TS1381: Unexpected token. Did you mean `{'}'}` or `&rbrace;`?",
        "app/onboarding/coach/page.tsx(371,22): error TS1382: Unexpected token. Did you mean `{'>'}` or `&gt;`?",
        "app/onboarding/coach/page.tsx(376,11): error TS1005: '}' expected.",
        "app/onboarding/coach/page.tsx(376,12): error TS1381: Unexpected token. Did you mean `{'}'}` or `&rbrace;`?",
        "app/onboarding/coach/page.tsx(376,13): error TS1381: Unexpected token. Did you mean `{'}'}` or `&rbrace;`?",
        "app/onboarding/coach/page.tsx(376,14): error TS1382: Unexpected token. Did you mean `{'>'}` or `&gt;`?",
        "app/onboarding/coach/page.tsx(385,23): error TS17002: Expected corresponding JSX closing tag for 'div'.",
        "app/onboarding/coach/page.tsx(386,21): error TS17015: Expected corresponding closing tag for JSX fragment.",
        "app/onboarding/coach/page.tsx(386,24): error TS1382: Unexpected token. Did you mean `{'>'}` or `&gt;`?",
        "app/onboarding/coach/page.tsx(387,19): error TS1003: Identifier expected.",
        "app/onboarding/coach/page.tsx(405,11): error TS1005: '}' expected.",
        "app/onboarding/coach/page.tsx(405,12): error TS1381: Unexpected token. Did you mean `{'}'}` or `&rbrace;`?",
        "app/onboarding/coach/page.tsx(405,13): error TS1381: Unexpected token. Did you mean `{'}'}` or `&rbrace;`?",
        "app/onboarding/coach/page.tsx(405,14): error TS1382: Unexpected token. Did you mean `{'>'}` or `&gt;`?",
        "app/onboarding/coach/page.tsx(414,21): error TS17002: Expected corresponding JSX closing tag for 'div'.",
        "app/onboarding/coach/page.tsx(415,17): error TS1005: ')' expected.",
        "app/onboarding/coach/page.tsx(416,16): error TS1381: Unexpected token. Did you mean `{'}'}` or `&rbrace;`?",
        "app/onboarding/coach/page.tsx(423,11): error TS1005: '}' expected.",
        "app/onboarding/coach/page.tsx(423,12): error TS1381: Unexpected token. Did you mean `{'}'}` or `&rbrace;`?",
        "app/onboarding/coach/page.tsx(423,13): error TS1381: Unexpected token. Did you mean `{'}'}` or `&rbrace;`?",
        "app/onboarding/coach/page.tsx(426,18): error TS1382: Unexpected token. Did you mean `{'>'}` or `&gt;`?",
        "app/onboarding/coach/page.tsx(433,11): error TS1005: '}' expected.",
        "app/onboarding/coach/page.tsx(433,12): error TS1381: Unexpected token. Did you mean `{'}'}` or `&rbrace;`?",
        "app/onboarding/coach/page.tsx(433,13): error TS1381: Unexpected token. Did you mean `{'}'}` or `&rbrace;`?",
        "app/onboarding/coach/page.tsx(436,18): error TS1382: Unexpected token. Did you mean `{'>'}` or `&gt;`?",
        "app/onboarding/coach/page.tsx(439,11): error TS1005: ')' expected.",
        "app/onboarding/coach/page.tsx(440,9): error TS1109: Expression expected.",
        "app/onboarding/coach/page.tsx(482,7): error TS1128: Declaration or statement expected.",
        "app/onboarding/coach/page.tsx(483,5): error TS1109: Expression expected.",
        "app/onboarding/coach/page.tsx(484,3): error TS1109: Expression expected.",
        "app/onboarding/coach/page.tsx(485,1): error TS1128: Declaration or statement expected.",
        "app/onboarding/player/page.tsx(262,13): error TS1381: Unexpected token. Did you mean `{'}'}` or `&rbrace;`?",
        "app/onboarding/player/page.tsx(267,11): error TS2657: JSX expressions must have one parent element.",
        "app/onboarding/player/page.tsx(276,11): error TS1005: '}' expected.",
        "app/onboarding/player/page.tsx(276,12): error TS1381: Unexpected token. Did you mean `{'}'}` or `&rbrace;`?",
        "app/onboarding/player/page.tsx(276,13): error TS1381: Unexpected token. Did you mean `{'}'}` or `&rbrace;`?",
        "app/onboarding/player/page.tsx(276,14): error TS1382: Unexpected token. Did you mean `{'>'}` or `&gt;`?",
        "app/onboarding/player/page.tsx(285,19): error TS17002: Expected corresponding JSX closing tag for 'div'.",
        "app/onboarding/player/page.tsx(292,11): error TS1005: '}' expected.",
        "app/onboarding/player/page.tsx(292,12): error TS1381: Unexpected token. Did you mean `{'}'}` or `&rbrace;`?",
        "app/onboarding/player/page.tsx(292,13): error TS1381: Unexpected token. Did you mean `{'}'}` or `&rbrace;`?",
        "app/onboarding/player/page.tsx(295,18): error TS1382: Unexpected token. Did you mean `{'>'}` or `&gt;`?",
        "app/onboarding/player/page.tsx(302,11): error TS1005: '}' expected.",
        "app/onboarding/player/page.tsx(302,12): error TS1381: Unexpected token. Did you mean `{'}'}` or `&rbrace;`?",
        "app/onboarding/player/page.tsx(302,13): error TS1381: Unexpected token. Did you mean `{'}'}` or `&rbrace;`?",
        "app/onboarding/player/page.tsx(305,18): error TS1382: Unexpected token. Did you mean `{'>'}` or `&gt;`?",
        "app/onboarding/player/page.tsx(310,11): error TS1005: '}' expected.",
        "app/onboarding/player/page.tsx(310,12): error TS1381: Unexpected token. Did you mean `{'}'}` or `&rbrace;`?",
        "app/onboarding/player/page.tsx(310,13): error TS1381: Unexpected token. Did you mean `{'}'}` or `&rbrace;`?",
        "app/onboarding/player/page.tsx(310,14): error TS1382: Unexpected token. Did you mean `{'>'}` or `&gt;`?",
        "app/onboarding/player/page.tsx(319,19): error TS17002: Expected corresponding JSX closing tag for 'div'.",
        "app/onboarding/player/page.tsx(326,11): error TS1005: '}' expected.",
        "app/onboarding/player/page.tsx(326,12): error TS1381: Unexpected token. Did you mean `{'}'}` or `&rbrace;`?",
        "app/onboarding/player/page.tsx(326,13): error TS1381: Unexpected token. Did you mean `{'}'}` or `&rbrace;`?",
        "app/onboarding/player/page.tsx(329,18): error TS1382: Unexpected token. Did you mean `{'>'}` or `&gt;`?",
        "app/onboarding/player/page.tsx(331,13): error TS1005: ')' expected.",
        "app/onboarding/player/page.tsx(337,11): error TS2657: JSX expressions must have one parent element.",
        "app/onboarding/player/page.tsx(346,11): error TS1005: '}' expected.",
        "app/onboarding/player/page.tsx(346,12): error TS1381: Unexpected token. Did you mean `{'}'}` or `&rbrace;`?",
        "app/onboarding/player/page.tsx(346,13): error TS1381: Unexpected token. Did you mean `{'}'}` or `&rbrace;`?",
        "app/onboarding/player/page.tsx(346,14): error TS1382: Unexpected token. Did you mean `{'>'}` or `&gt;`?",
        "app/onboarding/player/page.tsx(355,19): error TS17002: Expected corresponding JSX closing tag for 'div'.",
        "app/onboarding/player/page.tsx(360,11): error TS1005: '}' expected.",
        "app/onboarding/player/page.tsx(360,12): error TS1381: Unexpected token. Did you mean `{'}'}` or `&rbrace;`?",
        "app/onboarding/player/page.tsx(360,13): error TS1381: Unexpected token. Did you mean `{'}'}` or `&rbrace;`?",
        "app/onboarding/player/page.tsx(360,14): error TS1382: Unexpected token. Did you mean `{'>'}` or `&gt;`?",
        "app/onboarding/player/page.tsx(369,19): error TS17002: Expected corresponding JSX closing tag for 'div'.",
        "app/onboarding/player/page.tsx(377,11): error TS1005: '}' expected.",
        "app/onboarding/player/page.tsx(377,12): error TS1381: Unexpected token. Did you mean `{'}'}` or `&rbrace;`?",
        "app/onboarding/player/page.tsx(377,13): error TS1381: Unexpected token. Did you mean `{'}'}` or `&rbrace;`?",
        "app/onboarding/player/page.tsx(380,18): error TS1382: Unexpected token. Did you mean `{'>'}` or `&gt;`?",
        "app/onboarding/player/page.tsx(385,11): error TS1005: '}' expected.",
        "app/onboarding/player/page.tsx(385,12): error TS1381: Unexpected token. Did you mean `{'}'}` or `&rbrace;`?",
        "app/onboarding/player/page.tsx(385,13): error TS1381: Unexpected token. Did you mean `{'}'}` or `&rbrace;`?",
        "app/onboarding/player/page.tsx(385,14): error TS1382: Unexpected token. Did you mean `{'>'}` or `&gt;`?",
        "app/onboarding/player/page.tsx(394,19): error TS17002: Expected corresponding JSX closing tag for 'div'.",
        "app/onboarding/player/page.tsx(395,15): error TS1005: ')' expected.",
        "app/onboarding/player/page.tsx(399,11): error TS1005: '}' expected.",
        "app/onboarding/player/page.tsx(399,12): error TS1381: Unexpected token. Did you mean `{'}'}` or `&rbrace;`?",
        "app/onboarding/player/page.tsx(399,13): error TS1381: Unexpected token. Did you mean `{'}'}` or `&rbrace;`?",
        "app/onboarding/player/page.tsx(399,14): error TS1382: Unexpected token. Did you mean `{'>'}` or `&gt;`?",
        "app/onboarding/player/page.tsx(409,19): error TS17002: Expected corresponding JSX closing tag for 'div'.",
        "app/onboarding/player/page.tsx(410,15): error TS1128: Declaration or statement expected.",
        "app/onboarding/player/page.tsx(414,11): error TS1005: '}' expected.",
        "app/onboarding/player/page.tsx(414,12): error TS1381: Unexpected token. Did you mean `{'}'}` or `&rbrace;`?",
        "app/onboarding/player/page.tsx(414,13): error TS1381: Unexpected token. Did you mean `{'}'}` or `&rbrace;`?",
        "app/onboarding/player/page.tsx(414,14): error TS1382: Unexpected token. Did you mean `{'>'}` or `&gt;`?",
        "app/onboarding/player/page.tsx(422,19): error TS17002: Expected corresponding JSX closing tag for 'div'.",
        "app/onboarding/player/page.tsx(423,15): error TS1128: Declaration or statement expected.",
        "app/onboarding/player/page.tsx(427,11): error TS1005: '}' expected.",
        "app/onboarding/player/page.tsx(427,12): error TS1381: Unexpected token. Did you mean `{'}'}` or `&rbrace;`?",
        "app/onboarding/player/page.tsx(427,13): error TS1381: Unexpected token. Did you mean `{'}'}` or `&rbrace;`?",
        "app/onboarding/player/page.tsx(427,14): error TS1382: Unexpected token. Did you mean `{'>'}` or `&gt;`?",
        "app/onboarding/player/page.tsx(436,19): error TS17002: Expected corresponding JSX closing tag for 'div'.",
        "app/onboarding/player/page.tsx(437,15): error TS1128: Declaration or statement expected.",
        "app/onboarding/player/page.tsx(438,13): error TS1109: Expression expected.",
        "app/onboarding/player/page.tsx(439,11): error TS1109: Expression expected.",
        "app/onboarding/player/page.tsx(440,9): error TS1109: Expression expected.",
        "app/onboarding/player/page.tsx(458,11): error TS1005: '}' expected.",
        "app/onboarding/player/page.tsx(458,12): error TS1005: ',' expected.",
        "app/onboarding/player/page.tsx(458,13): error TS1381: Unexpected token. Did you mean `{'}'}` or `&rbrace;`?",
        "app/onboarding/player/page.tsx(466,21): error TS1382: Unexpected token. Did you mean `{'>'}` or `&gt;`?",
        "app/onboarding/player/page.tsx(470,23): error TS17002: Expected corresponding JSX closing tag for 'div'.",
        "app/onboarding/player/page.tsx(471,21): error TS1381: Unexpected token. Did you mean `{'}'}` or `&rbrace;`?",
        "app/onboarding/player/page.tsx(481,11): error TS1005: '}' expected.",
        "app/onboarding/player/page.tsx(481,12): error TS1381: Unexpected token. Did you mean `{'}'}` or `&rbrace;`?",
        "app/onboarding/player/page.tsx(481,13): error TS1381: Unexpected token. Did you mean `{'}'}` or `&rbrace;`?",
        "app/onboarding/player/page.tsx(484,20): error TS1382: Unexpected token. Did you mean `{'>'}` or `&gt;`?",
        "app/onboarding/player/page.tsx(492,11): error TS1005: '}' expected.",
        "app/onboarding/player/page.tsx(492,12): error TS1381: Unexpected token. Did you mean `{'}'}` or `&rbrace;`?",
        "app/onboarding/player/page.tsx(492,13): error TS1381: Unexpected token. Did you mean `{'}'}` or `&rbrace;`?",
        "app/onboarding/player/page.tsx(495,20): error TS1382: Unexpected token. Did you mean `{'>'}` or `&gt;`?",
        "app/onboarding/player/page.tsx(499,11): error TS1005: ')' expected.",
        "app/onboarding/player/page.tsx(500,9): error TS1109: Expression expected.",
        "app/onboarding/player/page.tsx(542,7): error TS1128: Declaration or statement expected.",
        "app/onboarding/player/page.tsx(543,5): error TS1109: Expression expected.",
        "app/onboarding/player/page.tsx(544,3): error TS1109: Expression expected.",
        "app/onboarding/player/page.tsx(545,1): error TS1128: Declaration or statement expected.",
        "app/player/layout.tsx(142,19): error TS1005: ')' expected.",
        "app/test-d1-badges/page.tsx(76,15): error TS1005: ')' expected.",
        "app/test-db/page.tsx(205,17): error TS1005: ')' expected.",
        "components/analytics/AdvancedCharts.tsx(163,23): error TS1005: ',' expected.",
        "components/analytics/AdvancedCharts.tsx(180,15): error TS1005: ')' expected.",
        "components/analytics/AdvancedCharts.tsx(181,11): error TS1005: '}' expected.",
        "components/analytics/AdvancedCharts.tsx(271,11): error TS1005: '}' expected.",
        "components/analytics/AdvancedCharts.tsx(271,12): error TS1381: Unexpected token. Did you mean `{'}'}` or `&rbrace;`?",
        "components/analytics/AdvancedCharts.tsx(271,15): error TS1382: Unexpected token. Did you mean `{'>'}` or `&gt;`?",
        "components/analytics/AdvancedCharts.tsx(271,71): error TS1381: Unexpected token. Did you mean `{'}'}` or `&rbrace;`?",
        "components/analytics/AdvancedCharts.tsx(275,13): error TS1382: Unexpected token. Did you mean `{'>'}` or `&gt;`?",
        "components/analytics/AdvancedCharts.tsx(279,15): error TS17002: Expected corresponding JSX closing tag for 'PieChart'.",
        "components/analytics/AdvancedCharts.tsx(287,13): error TS17002: Expected corresponding JSX closing tag for 'ResponsiveContainer'.",
        "components/analytics/AdvancedCharts.tsx(288,11): error TS17002: Expected corresponding JSX closing tag for 'CardContent'.",
        "components/analytics/AdvancedCharts.tsx(289,9): error TS17002: Expected corresponding JSX closing tag for 'Card'.",
        "components/analytics/AdvancedCharts.tsx(290,5): error TS1005: ')' expected.",
        "components/analytics/AdvancedCharts.tsx(291,3): error TS1109: Expression expected.",
        "components/Bulk-actionsForm.tsx(6,29): error TS1005: '(' expected.",
        "components/Bulk-actionsForm.tsx(6,55): error TS1005: ',' expected.",
        "components/Bulk-actionsForm.tsx(6,82): error TS1109: Expression expected.",
        "components/Bulk-actionsForm.tsx(6,85): error TS1005: ';' expected.",
        "components/Bulk-actionsList.tsx(7,29): error TS1005: '(' expected.",
        "components/Bulk-actionsList.tsx(7,44): error TS1005: ';' expected.",
        "components/bulk/BulkActionsToolbar.tsx(63,39): error TS1005: ',' expected.",
        "components/bulk/BulkActionsToolbar.tsx(70,40): error TS1005: ',' expected.",
        "components/bulk/BulkActionsToolbar.tsx(70,41): error TS1005: ')' expected.",
        "components/Coach-notesForm.tsx(6,30): error TS1005: '(' expected.",
        "components/Coach-notesForm.tsx(6,54): error TS1005: ',' expected.",
        "components/Coach-notesForm.tsx(6,81): error TS1109: Expression expected.",
        "components/Coach-notesForm.tsx(6,84): error TS1005: ';' expected.",
        "components/Coach-notesList.tsx(7,30): error TS1005: '(' expected.",
        "components/Coach-notesList.tsx(7,43): error TS1005: ';' expected.",
        "components/coach/AIRecruitingAssistant.tsx(175,7): error TS2657: JSX expressions must have one parent element.",
        "components/coach/AIRecruitingAssistant.tsx(180,10): error TS17008: JSX element 'div' has no corresponding closing tag.",
        "components/coach/AIRecruitingAssistant.tsx(184,87): error TS17002: Expected corresponding JSX closing tag for 'div'.",
        "components/coach/AIRecruitingAssistant.tsx(185,7): error TS1005: ')' expected.",
        "components/coach/AIRecruitingAssistant.tsx(186,5): error TS1109: Expression expected.",
        "components/coach/AIRecruitingAssistant.tsx(191,7): error TS2657: JSX expressions must have one parent element.",
        "components/coach/AIRecruitingAssistant.tsx(196,10): error TS17008: JSX element 'div' has no corresponding closing tag.",
        "components/coach/AIRecruitingAssistant.tsx(202,11): error TS17002: Expected corresponding JSX closing tag for 'div'.",
        "components/coach/AIRecruitingAssistant.tsx(203,7): error TS1005: ')' expected.",
        "components/coach/AIRecruitingAssistant.tsx(204,5): error TS1109: Expression expected.",
        "components/coach/AIRecruitingAssistant.tsx(213,8): error TS17008: JSX element 'div' has no corresponding closing tag.",
        "components/coach/AIRecruitingAssistant.tsx(224,13): error TS17002: Expected corresponding JSX closing tag for 'div'.",
        "components/coach/AIRecruitingAssistant.tsx(225,11): error TS17002: Expected corresponding JSX closing tag for 'div'.",
        "components/coach/AIRecruitingAssistant.tsx(230,15): error TS1005: ')' expected.",
        "components/coach/AIRecruitingAssistant.tsx(245,21): error TS17002: Expected corresponding JSX closing tag for 'div'.",
        "components/coach/AIRecruitingAssistant.tsx(253,21): error TS17002: Expected corresponding JSX closing tag for 'div'.",
        "components/coach/AIRecruitingAssistant.tsx(254,19): error TS17002: Expected corresponding JSX closing tag for 'div'.",
        "components/coach/AIRecruitingAssistant.tsx(266,17): error TS17002: Expected corresponding JSX closing tag for 'div'.",
        "components/coach/AIRecruitingAssistant.tsx(299,17): error TS17002: Expected corresponding JSX closing tag for 'div'.",
        "components/coach/AIRecruitingAssistant.tsx(300,15): error TS17002: Expected corresponding JSX closing tag for 'div'.",
        "components/coach/AIRecruitingAssistant.tsx(302,11): error TS17002: Expected corresponding JSX closing tag for 'div'.",
        "components/coach/AIRecruitingAssistant.tsx(304,5): error TS1128: Declaration or statement expected.",
        "components/coach/AIRecruitingAssistant.tsx(305,3): error TS1109: Expression expected.",
        "components/coach/college/calendar/calendar-event-modal.tsx(132,11): error TS1128: Declaration or statement expected.",
        "components/coach/college/calendar/calendar-event-modal.tsx(134,5): error TS1128: Declaration or statement expected.",
        "components/coach/college/calendar/calendar-event-modal.tsx(134,7): error TS1128: Declaration or statement expected.",
        "components/coach/college/calendar/calendar-event-modal.tsx(137,3): error TS1128: Declaration or statement expected.",
        "components/coach/college/calendar/calendar-event-modal.tsx(137,4): error TS1128: Declaration or statement expected.",
        "components/coach/college/calendar/calendar-event-modal.tsx(137,49): error TS1005: ';' expected.",
        "components/coach/college/calendar/calendar-event-modal.tsx(163,36): error TS1005: ',' expected.",
        "components/coach/college/calendar/calendar-event-modal.tsx(171,7): error TS1109: Expression expected.",
        "components/coach/college/calendar/calendar-event-modal.tsx(171,8): error TS1005: ',' expected.",
        "components/coach/college/calendar/calendar-event-modal.tsx(172,11): error TS1128: Declaration or statement expected.",
        "components/coach/college/calendar/calendar-event-modal.tsx(172,12): error TS1128: Declaration or statement expected.",
        "components/coach/college/calendar/calendar-event-modal.tsx(174,5): error TS1128: Declaration or statement expected.",
        "components/coach/college/calendar/calendar-event-modal.tsx(174,7): error TS1005: 'try' expected.",
        "components/coach/college/calendar/calendar-event-modal.tsx(177,3): error TS1128: Declaration or statement expected.",
        "components/coach/college/calendar/calendar-event-modal.tsx(421,1): error TS1128: Declaration or statement expected.",
        "components/coach/college/calendar/calendar-view.tsx(54,11): error TS1128: Declaration or statement expected.",
        "components/coach/college/calendar/calendar-view.tsx(55,5): error TS1128: Declaration or statement expected.",
        "components/coach/college/calendar/calendar-view.tsx(69,11): error TS1128: Declaration or statement expected.",
        "components/coach/college/calendar/calendar-view.tsx(70,5): error TS1128: Declaration or statement expected.",
        "components/coach/college/calendar/calendar-view.tsx(82,11): error TS1128: Declaration or statement expected.",
        "components/coach/college/calendar/calendar-view.tsx(83,5): error TS1128: Declaration or statement expected.",
        "components/coach/college/calendar/calendar-view.tsx(86,3): error TS1128: Declaration or statement expected.",
        "components/coach/college/calendar/calendar-view.tsx(86,4): error TS1128: Declaration or statement expected.",
        "components/coach/college/calendar/calendar-view.tsx(86,19): error TS1005: ';' expected.",
        "components/coach/college/calendar/calendar-view.tsx(95,11): error TS1128: Declaration or statement expected.",
        "components/coach/college/calendar/calendar-view.tsx(95,12): error TS1128: Declaration or statement expected.",
        "components/coach/college/calendar/calendar-view.tsx(97,3): error TS1128: Declaration or statement expected.",
        "components/coach/college/calendar/calendar-view.tsx(97,4): error TS1128: Declaration or statement expected.",
        "components/coach/college/calendar/calendar-view.tsx(97,14): error TS1005: ';' expected.",
        "components/coach/college/calendar/calendar-view.tsx(149,15): error TS1005: ',' expected.",
        "components/coach/college/calendar/calendar-view.tsx(163,11): error TS1005: ')' expected.",
        "components/coach/college/calendar/calendar-view.tsx(164,7): error TS1005: '}' expected.",
        "components/coach/college/calendar/calendar-view.tsx(214,11): error TS1005: '}' expected.",
        "components/coach/college/calendar/calendar-view.tsx(214,12): error TS1381: Unexpected token. Did you mean `{'}'}` or `&rbrace;`?",
        "components/coach/college/calendar/calendar-view.tsx(214,13): error TS1381: Unexpected token. Did you mean `{'}'}` or `&rbrace;`?",
        "components/coach/college/calendar/calendar-view.tsx(219,11): error TS1005: '}' expected.",
        "components/coach/college/calendar/calendar-view.tsx(219,12): error TS1381: Unexpected token. Did you mean `{'}'}` or `&rbrace;`?",
        "components/coach/college/calendar/calendar-view.tsx(219,13): error TS1381: Unexpected token. Did you mean `{'}'}` or `&rbrace;`?",
        "components/coach/college/calendar/calendar-view.tsx(233,1): error TS1128: Declaration or statement expected.",
        "components/coach/college/discover-filters.tsx(42,11): error TS1128: Declaration or statement expected.",
        "components/coach/college/discover-filters.tsx(43,5): error TS1128: Declaration or statement expected.",
        "components/coach/college/discover-filters.tsx(43,7): error TS1128: Declaration or statement expected.",
        "components/coach/college/discover-filters.tsx(48,11): error TS1128: Declaration or statement expected.",
        "components/coach/college/discover-filters.tsx(49,5): error TS1128: Declaration or statement expected.",
        "components/coach/college/discover-filters.tsx(50,3): error TS1128: Declaration or statement expected.",
        "components/coach/college/discover-filters.tsx(70,11): error TS1128: Declaration or statement expected.",
        "components/coach/college/discover-filters.tsx(70,12): error TS1128: Declaration or statement expected.",
        "components/coach/college/discover-filters.tsx(71,3): error TS1128: Declaration or statement expected.",
        "components/coach/college/discover-filters.tsx(92,5): error TS2657: JSX expressions must have one parent element.",
        "components/coach/college/discover-filters.tsx(103,24): error TS1005: ',' expected.",
        "components/coach/college/discover-filters.tsx(150,11): error TS1005: '}' expected.",
        "components/coach/college/discover-filters.tsx(150,12): error TS1381: Unexpected token. Did you mean `{'}'}` or `&rbrace;`?",
        "components/coach/college/discover-filters.tsx(150,13): error TS1381: Unexpected token. Did you mean `{'}'}` or `&rbrace;`?",
        "components/coach/college/discover-filters.tsx(173,11): error TS1005: '}' expected.",
        "components/coach/college/discover-filters.tsx(173,12): error TS1381: Unexpected token. Did you mean `{'}'}` or `&rbrace;`?",
        "components/coach/college/discover-filters.tsx(173,13): error TS1381: Unexpected token. Did you mean `{'}'}` or `&rbrace;`?",
        "components/coach/college/discover-filters.tsx(187,11): error TS1005: '}' expected.",
        "components/coach/college/discover-filters.tsx(187,12): error TS1005: ',' expected.",
        "components/coach/college/discover-filters.tsx(187,13): error TS1381: Unexpected token. Did you mean `{'}'}` or `&rbrace;`?",
        "components/coach/college/discover-filters.tsx(188,17): error TS1382: Unexpected token. Did you mean `{'>'}` or `&gt;`?",
        "components/coach/college/discover-filters.tsx(190,19): error TS17002: Expected corresponding JSX closing tag for 'div'.",
        "components/coach/college/discover-filters.tsx(191,17): error TS1381: Unexpected token. Did you mean `{'}'}` or `&rbrace;`?",
        "components/coach/college/discover-filters.tsx(204,11): error TS1005: '}' expected.",
        "components/coach/college/discover-filters.tsx(204,12): error TS1005: ',' expected.",
        "components/coach/college/discover-filters.tsx(204,13): error TS1381: Unexpected token. Did you mean `{'}'}` or `&rbrace;`?",
        "components/coach/college/discover-filters.tsx(205,17): error TS1382: Unexpected token. Did you mean `{'>'}` or `&gt;`?",
        "components/coach/college/discover-filters.tsx(207,19): error TS17002: Expected corresponding JSX closing tag for 'div'.",
        "components/coach/college/discover-filters.tsx(208,17): error TS1381: Unexpected token. Did you mean `{'}'}` or `&rbrace;`?",
        "components/coach/college/discover-filters.tsx(210,13): error TS17002: Expected corresponding JSX closing tag for 'CardContent'.",
        "components/coach/college/discover-filters.tsx(215,11): error TS17002: Expected corresponding JSX closing tag for 'Card'.",
        "components/coach/college/discover-filters.tsx(222,11): error TS1005: '}' expected.",
        "components/coach/college/discover-filters.tsx(222,12): error TS1381: Unexpected token. Did you mean `{'}'}` or `&rbrace;`?",
        "components/coach/college/discover-filters.tsx(222,13): error TS1381: Unexpected token. Did you mean `{'}'}` or `&rbrace;`?",
        "components/coach/college/discover-filters.tsx(223,12): error TS1382: Unexpected token. Did you mean `{'>'}` or `&gt;`?",
        "components/coach/college/discover-filters.tsx(229,11): error TS1005: '}' expected.",
        "components/coach/college/discover-filters.tsx(229,12): error TS1381: Unexpected token. Did you mean `{'}'}` or `&rbrace;`?",
        "components/coach/college/discover-filters.tsx(229,13): error TS1381: Unexpected token. Did you mean `{'}'}` or `&rbrace;`?",
        "components/coach/college/discover-filters.tsx(230,12): error TS1382: Unexpected token. Did you mean `{'>'}` or `&gt;`?",
        "components/coach/college/discover-filters.tsx(236,11): error TS1005: '}' expected.",
        "components/coach/college/discover-filters.tsx(236,12): error TS1381: Unexpected token. Did you mean `{'}'}` or `&rbrace;`?",
        "components/coach/college/discover-filters.tsx(236,13): error TS1381: Unexpected token. Did you mean `{'}'}` or `&rbrace;`?",
        "components/coach/college/discover-filters.tsx(238,12): error TS1382: Unexpected token. Did you mean `{'>'}` or `&gt;`?",
        "components/coach/college/discover-filters.tsx(245,11): error TS1005: '}' expected.",
        "components/coach/college/discover-filters.tsx(245,12): error TS1381: Unexpected token. Did you mean `{'}'}` or `&rbrace;`?",
        "components/coach/college/discover-filters.tsx(245,13): error TS1381: Unexpected token. Did you mean `{'}'}` or `&rbrace;`?",
        "components/coach/college/discover-filters.tsx(247,12): error TS1382: Unexpected token. Did you mean `{'>'}` or `&gt;`?",
        "components/coach/college/discover-filters.tsx(252,11): error TS1005: '}' expected.",
        "components/coach/college/discover-filters.tsx(252,12): error TS1381: Unexpected token. Did you mean `{'}'}` or `&rbrace;`?",
        "components/coach/college/discover-filters.tsx(252,13): error TS1381: Unexpected token. Did you mean `{'}'}` or `&rbrace;`?",
        "components/coach/college/discover-filters.tsx(254,12): error TS1382: Unexpected token. Did you mean `{'>'}` or `&gt;`?",
        "components/coach/college/discover-filters.tsx(260,11): error TS1005: '}' expected.",
        "components/coach/college/discover-filters.tsx(260,12): error TS1381: Unexpected token. Did you mean `{'}'}` or `&rbrace;`?",
        "components/coach/college/discover-filters.tsx(260,13): error TS1381: Unexpected token. Did you mean `{'}'}` or `&rbrace;`?",
        "components/coach/college/discover-filters.tsx(261,14): error TS1382: Unexpected token. Did you mean `{'>'}` or `&gt;`?",
        "components/coach/college/discover-filters.tsx(266,11): error TS1005: '}' expected.",
        "components/coach/college/discover-filters.tsx(266,12): error TS1381: Unexpected token. Did you mean `{'}'}` or `&rbrace;`?",
        "components/coach/college/discover-filters.tsx(266,13): error TS1381: Unexpected token. Did you mean `{'}'}` or `&rbrace;`?",
        "components/coach/college/discover-filters.tsx(267,14): error TS1382: Unexpected token. Did you mean `{'>'}` or `&gt;`?",
        "components/coach/college/discover-filters.tsx(272,11): error TS1005: '}' expected.",
        "components/coach/college/discover-filters.tsx(272,12): error TS1381: Unexpected token. Did you mean `{'}'}` or `&rbrace;`?",
        "components/coach/college/discover-filters.tsx(272,13): error TS1381: Unexpected token. Did you mean `{'}'}` or `&rbrace;`?",
        "components/coach/college/discover-filters.tsx(273,14): error TS1382: Unexpected token. Did you mean `{'>'}` or `&gt;`?",
        "components/coach/college/discover-filters.tsx(276,7): error TS1005: ')' expected.",
        "components/coach/college/discover-filters.tsx(277,5): error TS1109: Expression expected.",
        "components/coach/college/discover-filters.tsx(278,3): error TS1109: Expression expected.",
        "components/coach/college/discover-filters.tsx(279,1): error TS1128: Declaration or statement expected.",
        "components/coach/college/discover-filters.tsx(294,11): error TS1128: Declaration or statement expected.",
        "components/coach/college/discover-filters.tsx(294,12): error TS1128: Declaration or statement expected.",
        "components/coach/college/discover-filters.tsx(330,11): error TS1128: Declaration or statement expected.",
        "components/coach/college/discover-filters.tsx(330,12): error TS1128: Declaration or statement expected.",
        "components/coach/college/discover-filters.tsx(361,11): error TS1128: Declaration or statement expected.",
        "components/coach/college/discover-filters.tsx(361,12): error TS1128: Declaration or statement expected.",
        "components/coach/college/discover-map.tsx(42,11): error TS1128: Declaration or statement expected.",
        "components/coach/college/discover-map.tsx(51,30): error TS1005: ',' expected.",
        "components/coach/college/discover-map.tsx(60,3): error TS1005: ':' expected.",
        "components/coach/college/discover-map.tsx(60,4): error TS1005: ')' expected.",
        "components/coach/college/discover-map.tsx(89,30): error TS1005: ')' expected.",
        "components/coach/college/discover-map.tsx(89,45): error TS1005: '}' expected.",
        "components/coach/college/discover-map.tsx(89,53): error TS1381: Unexpected token. Did you mean `{'}'}` or `&rbrace;`?",
        "components/coach/college/discover-map.tsx(90,12): error TS1381: Unexpected token. Did you mean `{'}'}` or `&rbrace;`?",
        "components/coach/college/discover-map.tsx(90,15): error TS1382: Unexpected token. Did you mean `{'>'}` or `&gt;`?",
        "components/coach/college/discover-map.tsx(91,43): error TS1382: Unexpected token. Did you mean `{'>'}` or `&gt;`?",
        "components/coach/college/discover-map.tsx(92,17): error TS1109: Expression expected.",
        "components/coach/college/discover-map.tsx(96,59): error TS1382: Unexpected token. Did you mean `{'>'}` or `&gt;`?",
        "components/coach/college/discover-map.tsx(106,11): error TS1128: Declaration or statement expected.",
        "components/coach/college/discover-map.tsx(106,12): error TS1381: Unexpected token. Did you mean `{'}'}` or `&rbrace;`?",
        "components/coach/college/discover-map.tsx(107,23): error TS1381: Unexpected token. Did you mean `{'}'}` or `&rbrace;`?",
        "components/coach/college/discover-map.tsx(108,21): error TS1381: Unexpected token. Did you mean `{'}'}` or `&rbrace;`?",
        "components/coach/college/discover-map.tsx(108,22): error TS1381: Unexpected token. Did you mean `{'}'}` or `&rbrace;`?",
        "components/coach/college/discover-map.tsx(111,11): error TS1128: Declaration or statement expected.",
        "components/coach/college/discover-map.tsx(111,12): error TS1381: Unexpected token. Did you mean `{'}'}` or `&rbrace;`?",
        "components/coach/college/discover-map.tsx(112,21): error TS1381: Unexpected token. Did you mean `{'}'}` or `&rbrace;`?",
        "components/coach/college/discover-map.tsx(112,22): error TS1381: Unexpected token. Did you mean `{'}'}` or `&rbrace;`?",
        "components/coach/college/discover-map.tsx(137,20): error TS1382: Unexpected token. Did you mean `{'>'}` or `&gt;`?",
        "components/coach/college/discover-map.tsx(139,15): error TS1381: Unexpected token. Did you mean `{'}'}` or `&rbrace;`?",
        "components/coach/college/discover-map.tsx(140,12): error TS1381: Unexpected token. Did you mean `{'}'}` or `&rbrace;`?",
        "components/coach/college/discover-map.tsx(141,13): error TS1381: Unexpected token. Did you mean `{'}'}` or `&rbrace;`?",
        "components/coach/college/discover-map.tsx(162,1): error TS1128: Declaration or statement expected.",
        "components/coach/college/discover-recruit-list.tsx(38,24): error TS1005: ',' expected.",
        "components/coach/college/discover-recruit-list.tsx(121,9): error TS1005: ')' expected.",
        "components/coach/college/discover-recruit-list.tsx(123,7): error TS1005: '}' expected.",
        "components/coach/college/discover-state-panel.tsx(136,13): error TS17002: Expected corresponding JSX closing tag for 'div'.",
        "components/coach/college/discover-state-panel.tsx(142,11): error TS17002: Expected corresponding JSX closing tag for 'div'.",
        "components/coach/college/discover-state-panel.tsx(167,15): error TS17002: Expected corresponding JSX closing tag for 'div'.",
        "components/coach/college/discover-state-panel.tsx(175,17): error TS17002: Expected corresponding JSX closing tag for 'div'.",
        "components/coach/college/discover-state-panel.tsx(176,15): error TS17002: Expected corresponding JSX closing tag for 'div'.",
        "components/coach/college/discover-state-panel.tsx(212,23): error TS17002: Expected corresponding JSX closing tag for 'div'.",
        "components/coach/college/discover-state-panel.tsx(222,23): error TS17002: Expected corresponding JSX closing tag for 'div'.",
        "components/coach/college/discover-state-panel.tsx(233,23): error TS17002: Expected corresponding JSX closing tag for 'div'.",
        "components/coach/college/discover-state-panel.tsx(243,23): error TS17002: Expected corresponding JSX closing tag for 'div'.",
        "components/coach/college/discover-state-panel.tsx(271,8): error TS17008: JSX element 'div' has no corresponding closing tag.",
        "components/coach/college/discover-state-panel.tsx(278,11): error TS17002: Expected corresponding JSX closing tag for 'div'.",
        "components/coach/college/discover-state-panel.tsx(285,13): error TS17002: Expected corresponding JSX closing tag for 'div'.",
        "components/coach/college/discover-state-panel.tsx(303,13): error TS17002: Expected corresponding JSX closing tag for 'div'.",
        "components/coach/college/discover-state-panel.tsx(304,11): error TS17002: Expected corresponding JSX closing tag for 'div'.",
        "components/coach/college/discover-state-panel.tsx(314,5): error TS1005: ')' expected.",
        "components/coach/college/discover-state-panel.tsx(315,3): error TS1109: Expression expected.",
        "components/coach/college/discover-state-panel.tsx(332,8): error TS17008: JSX element 'div' has no corresponding closing tag.",
        "components/coach/college/discover-state-panel.tsx(339,11): error TS17002: Expected corresponding JSX closing tag for 'div'.",
        "components/coach/college/discover-state-panel.tsx(346,13): error TS17002: Expected corresponding JSX closing tag for 'div'.",
        "components/coach/college/discover-state-panel.tsx(362,13): error TS17002: Expected corresponding JSX closing tag for 'div'.",
        "components/coach/college/discover-state-panel.tsx(363,11): error TS17002: Expected corresponding JSX closing tag for 'div'.",
        "components/coach/college/discover-state-panel.tsx(373,5): error TS1005: ')' expected.",
        "components/coach/college/discover-state-panel.tsx(374,3): error TS1109: Expression expected.",
        "components/coach/college/discover-team-list.tsx(37,14): error TS1005: ',' expected.",
        "components/coach/college/discover-team-list.tsx(99,9): error TS1005: ')' expected.",
        "components/coach/college/discover-team-list.tsx(100,5): error TS1005: '}' expected.",
        "components/coach/college/program-needs-form.tsx(38,11): error TS1128: Declaration or statement expected.",
        "components/coach/college/program-needs-form.tsx(126,23): error TS1005: ',' expected.",
        "components/coach/college/program-needs-form.tsx(143,11): error TS1128: Declaration or statement expected.",
        "components/coach/college/program-needs-form.tsx(143,12): error TS1381: Unexpected token. Did you mean `{'}'}` or `&rbrace;`?",
        "components/coach/college/program-needs-form.tsx(144,17): error TS1381: Unexpected token. Did you mean `{'}'}` or `&rbrace;`?",
        "components/coach/college/program-needs-form.tsx(144,18): error TS1381: Unexpected token. Did you mean `{'}'}` or `&rbrace;`?",
        "components/coach/college/program-needs-form.tsx(145,16): error TS1382: Unexpected token. Did you mean `{'>'}` or `&gt;`?",
        "components/coach/college/program-needs-form.tsx(150,13): error TS1005: ')' expected.",
        "components/coach/college/program-needs-form.tsx(151,9): error TS1005: '}' expected.",
        "components/coach/college/program-needs-form.tsx(166,11): error TS1128: Declaration or statement expected.",
        "components/coach/college/program-needs-form.tsx(166,12): error TS1381: Unexpected token. Did you mean `{'}'}` or `&rbrace;`?",
        "components/coach/college/program-needs-form.tsx(167,17): error TS1381: Unexpected token. Did you mean `{'}'}` or `&rbrace;`?",
        "components/coach/college/program-needs-form.tsx(167,18): error TS1381: Unexpected token. Did you mean `{'}'}` or `&rbrace;`?",
        "components/coach/college/program-needs-form.tsx(168,16): error TS1382: Unexpected token. Did you mean `{'>'}` or `&gt;`?",
        "components/coach/college/program-needs-form.tsx(184,11): error TS1005: '}' expected.",
        "components/coach/college/program-needs-form.tsx(184,12): error TS1381: Unexpected token. Did you mean `{'}'}` or `&rbrace;`?",
        "components/coach/college/program-needs-form.tsx(184,13): error TS1381: Unexpected token. Did you mean `{'}'}` or `&rbrace;`?",
        "components/coach/college/program-needs-form.tsx(186,12): error TS1382: Unexpected token. Did you mean `{'>'}` or `&gt;`?",
        "components/coach/college/program-needs-form.tsx(195,11): error TS1005: '}' expected.",
        "components/coach/college/program-needs-form.tsx(195,12): error TS1381: Unexpected token. Did you mean `{'}'}` or `&rbrace;`?",
        "components/coach/college/program-needs-form.tsx(195,13): error TS1381: Unexpected token. Did you mean `{'}'}` or `&rbrace;`?",
        "components/coach/college/program-needs-form.tsx(197,12): error TS1382: Unexpected token. Did you mean `{'>'}` or `&gt;`?",
        "components/coach/college/program-needs-form.tsx(207,11): error TS1005: '}' expected.",
        "components/coach/college/program-needs-form.tsx(207,12): error TS1381: Unexpected token. Did you mean `{'}'}` or `&rbrace;`?",
        "components/coach/college/program-needs-form.tsx(207,13): error TS1381: Unexpected token. Did you mean `{'}'}` or `&rbrace;`?",
        "components/coach/college/program-needs-form.tsx(209,12): error TS1382: Unexpected token. Did you mean `{'>'}` or `&gt;`?",
        "components/coach/college/program-needs-form.tsx(225,11): error TS1128: Declaration or statement expected.",
        "components/coach/college/program-needs-form.tsx(225,12): error TS1381: Unexpected token. Did you mean `{'}'}` or `&rbrace;`?",
        "components/coach/college/program-needs-form.tsx(226,17): error TS1381: Unexpected token. Did you mean `{'}'}` or `&rbrace;`?",
        "components/coach/college/program-needs-form.tsx(226,18): error TS1381: Unexpected token. Did you mean `{'}'}` or `&rbrace;`?",
        "components/coach/college/program-needs-form.tsx(227,16): error TS1382: Unexpected token. Did you mean `{'>'}` or `&gt;`?",
        "components/coach/college/program-needs-form.tsx(249,1): error TS1128: Declaration or statement expected.",
        "components/coach/CompetitiveIntelligence.tsx(98,70): error TS17002: Expected corresponding JSX closing tag for 'div'.",
        "components/coach/CompetitiveIntelligence.tsx(106,9): error TS17002: Expected corresponding JSX closing tag for 'div'.",
        "components/coach/CompetitiveIntelligence.tsx(134,11): error TS17002: Expected corresponding JSX closing tag for 'div'.",
        "components/coach/CompetitiveIntelligence.tsx(135,9): error TS17002: Expected corresponding JSX closing tag for 'div'.",
        "components/coach/CompetitiveIntelligence.tsx(164,17): error TS17002: Expected corresponding JSX closing tag for 'div'.",
        "components/coach/CompetitiveIntelligence.tsx(165,15): error TS17002: Expected corresponding JSX closing tag for 'div'.",
        "components/coach/CompetitiveIntelligence.tsx(170,17): error TS17002: Expected corresponding JSX closing tag for 'div'.",
        "components/coach/CompetitiveIntelligence.tsx(174,17): error TS17002: Expected corresponding JSX closing tag for 'div'.",
        "components/coach/CompetitiveIntelligence.tsx(175,15): error TS17002: Expected corresponding JSX closing tag for 'div'.",
        "components/coach/CompetitiveIntelligence.tsx(176,13): error TS17002: Expected corresponding JSX closing tag for 'div'.",
        "components/coach/CompetitiveIntelligence.tsx(178,9): error TS17002: Expected corresponding JSX closing tag for 'div'.",
        "components/coach/CompetitiveIntelligence.tsx(189,13): error TS17002: Expected corresponding JSX closing tag for 'div'.",
        "components/coach/CompetitiveIntelligence.tsx(190,11): error TS17002: Expected corresponding JSX closing tag for 'div'.",
        "components/coach/CompetitiveIntelligence.tsx(192,7): error TS17002: Expected corresponding JSX closing tag for 'div'.",
        "components/coach/hs/Messaging/hs-conversation-view.tsx(17,11): error TS1128: Declaration or statement expected.",
        "components/coach/hs/Messaging/hs-conversation-view.tsx(17,12): error TS1128: Declaration or statement expected.",
        "components/coach/hs/Messaging/hs-conversation-view.tsx(58,11): error TS1128: Declaration or statement expected.",
        "components/coach/hs/Messaging/hs-conversation-view.tsx(61,3): error TS1128: Declaration or statement expected.",
        "components/coach/hs/Messaging/hs-conversation-view.tsx(71,23): error TS1005: ',' expected.",
        "components/coach/hs/Messaging/hs-conversation-view.tsx(88,15): error TS1005: ')' expected.",
        "components/coach/hs/Messaging/hs-conversation-view.tsx(89,11): error TS1005: '}' expected.",
        "components/coach/hs/Messaging/hs-conversation-view.tsx(111,1): error TS1128: Declaration or statement expected.",
        "components/coach/hs/Roster/hs-roster-filters.tsx(18,11): error TS1128: Declaration or statement expected.",
        "components/coach/hs/Roster/hs-roster-filters.tsx(18,12): error TS1128: Declaration or statement expected.",
        "components/coach/hs/Roster/hs-roster-filters.tsx(26,11): error TS1005: '}' expected.",
        "components/coach/hs/Roster/hs-roster-filters.tsx(26,12): error TS1381: Unexpected token. Did you mean `{'}'}` or `&rbrace;`?",
        "components/coach/hs/Roster/hs-roster-filters.tsx(26,13): error TS1381: Unexpected token. Did you mean `{'}'}` or `&rbrace;`?",
        "components/coach/hs/Roster/hs-roster-filters.tsx(29,22): error TS1005: ',' expected.",
        "components/coach/hs/Roster/hs-roster-filters.tsx(37,12): error TS1005: ')' expected.",
        "components/coach/hs/Roster/hs-roster-filters.tsx(37,13): error TS1005: ',' expected.",
        "components/coach/hs/Roster/hs-roster-filters.tsx(38,12): error TS1381: Unexpected token. Did you mean `{'}'}` or `&rbrace;`?",
        "components/coach/hs/Roster/hs-roster-filters.tsx(39,10): error TS1382: Unexpected token. Did you mean `{'>'}` or `&gt;`?",
        "components/coach/hs/Roster/hs-roster-filters.tsx(44,11): error TS1005: '}' expected.",
        "components/coach/hs/Roster/hs-roster-filters.tsx(44,12): error TS1381: Unexpected token. Did you mean `{'}'}` or `&rbrace;`?",
        "components/coach/hs/Roster/hs-roster-filters.tsx(44,13): error TS1381: Unexpected token. Did you mean `{'}'}` or `&rbrace;`?",
        "components/coach/hs/Roster/hs-roster-filters.tsx(52,10): error TS1382: Unexpected token. Did you mean `{'>'}` or `&gt;`?",
        "components/coach/hs/Roster/hs-roster-filters.tsx(57,11): error TS1005: '}' expected.",
        "components/coach/hs/Roster/hs-roster-filters.tsx(57,12): error TS1381: Unexpected token. Did you mean `{'}'}` or `&rbrace;`?",
        "components/coach/hs/Roster/hs-roster-filters.tsx(57,13): error TS1381: Unexpected token. Did you mean `{'}'}` or `&rbrace;`?",
        "components/coach/hs/Roster/hs-roster-filters.tsx(59,14): error TS1381: Unexpected token. Did you mean `{'}'}` or `&rbrace;`?",
        "components/coach/hs/Roster/hs-roster-filters.tsx(60,10): error TS1382: Unexpected token. Did you mean `{'>'}` or `&gt;`?",
        "components/coach/hs/Roster/hs-roster-filters.tsx(62,11): error TS1005: '}' expected.",
        "components/coach/hs/Roster/hs-roster-filters.tsx(62,12): error TS1381: Unexpected token. Did you mean `{'}'}` or `&rbrace;`?",
        "components/coach/hs/Roster/hs-roster-filters.tsx(62,13): error TS1381: Unexpected token. Did you mean `{'}'}` or `&rbrace;`?",
        "components/coach/hs/Roster/hs-roster-filters.tsx(62,16): error TS1382: Unexpected token. Did you mean `{'>'}` or `&gt;`?",
        "components/coach/hs/Roster/hs-roster-filters.tsx(64,11): error TS1005: '}' expected.",
        "components/coach/hs/Roster/hs-roster-filters.tsx(64,12): error TS1381: Unexpected token. Did you mean `{'}'}` or `&rbrace;`?",
        "components/coach/hs/Roster/hs-roster-filters.tsx(64,13): error TS1381: Unexpected token. Did you mean `{'}'}` or `&rbrace;`?",
        "components/coach/hs/Roster/hs-roster-filters.tsx(64,16): error TS1382: Unexpected token. Did you mean `{'>'}` or `&gt;`?",
        "components/coach/hs/Roster/hs-roster-filters.tsx(81,11): error TS1128: Declaration or statement expected.",
        "components/coach/hs/Roster/hs-roster-filters.tsx(81,12): error TS1128: Declaration or statement expected.",
        "components/coach/hs/Roster/hs-roster-filters.tsx(102,11): error TS1128: Declaration or statement expected.",
        "components/coach/hs/Roster/hs-roster-filters.tsx(102,12): error TS1128: Declaration or statement expected.",
        "components/coach/hs/Schedule/hs-schedule-filters.tsx(18,11): error TS1128: Declaration or statement expected.",
        "components/coach/hs/Schedule/hs-schedule-filters.tsx(18,12): error TS1128: Declaration or statement expected.",
        "components/coach/hs/Schedule/hs-schedule-filters.tsx(26,11): error TS1005: '}' expected.",
        "components/coach/hs/Schedule/hs-schedule-filters.tsx(26,12): error TS1381: Unexpected token. Did you mean `{'}'}` or `&rbrace;`?",
        "components/coach/hs/Schedule/hs-schedule-filters.tsx(26,13): error TS1381: Unexpected token. Did you mean `{'}'}` or `&rbrace;`?",
        "components/coach/hs/Schedule/hs-schedule-filters.tsx(32,10): error TS1382: Unexpected token. Did you mean `{'>'}` or `&gt;`?",
        "components/coach/hs/Schedule/hs-schedule-filters.tsx(37,11): error TS1005: '}' expected.",
        "components/coach/hs/Schedule/hs-schedule-filters.tsx(37,12): error TS1381: Unexpected token. Did you mean `{'}'}` or `&rbrace;`?",
        "components/coach/hs/Schedule/hs-schedule-filters.tsx(37,13): error TS1381: Unexpected token. Did you mean `{'}'}` or `&rbrace;`?",
        "components/coach/hs/Schedule/hs-schedule-filters.tsx(40,22): error TS1005: ',' expected.",
        "components/coach/hs/Schedule/hs-schedule-filters.tsx(48,12): error TS1005: ')' expected.",
        "components/coach/hs/Schedule/hs-schedule-filters.tsx(48,13): error TS1005: ',' expected.",
        "components/coach/hs/Schedule/hs-schedule-filters.tsx(49,12): error TS1381: Unexpected token. Did you mean `{'}'}` or `&rbrace;`?",
        "components/coach/hs/Schedule/hs-schedule-filters.tsx(50,10): error TS1382: Unexpected token. Did you mean `{'>'}` or `&gt;`?",
        "components/coach/hs/Schedule/hs-schedule-filters.tsx(55,11): error TS1005: '}' expected.",
        "components/coach/hs/Schedule/hs-schedule-filters.tsx(55,12): error TS1381: Unexpected token. Did you mean `{'}'}` or `&rbrace;`?",
        "components/coach/hs/Schedule/hs-schedule-filters.tsx(55,13): error TS1381: Unexpected token. Did you mean `{'}'}` or `&rbrace;`?",
        "components/coach/hs/Schedule/hs-schedule-filters.tsx(62,10): error TS1382: Unexpected token. Did you mean `{'>'}` or `&gt;`?",
        "components/coach/hs/Schedule/hs-schedule-filters.tsx(79,11): error TS1128: Declaration or statement expected.",
        "components/coach/hs/Schedule/hs-schedule-filters.tsx(79,12): error TS1128: Declaration or statement expected.",
        "components/coach/scout-card/player-scout-card.tsx(281,29): error TS1005: ',' expected.",
        "components/coach/scout-card/player-scout-card.tsx(302,15): error TS1005: ')' expected.",
        "components/coach/scout-card/player-scout-card.tsx(303,13): error TS1005: '}' expected.",
        "components/coach/scout-card/team-scout-card.tsx(296,23): error TS1003: Identifier expected.",
        "components/coach/scout-card/team-scout-card.tsx(304,12): error TS1005: ')' expected.",
        "components/coach/scout-card/team-scout-card.tsx(304,15): error TS1382: Unexpected token. Did you mean `{'>'}` or `&gt;`?",
        "components/coach/scout-card/team-scout-card.tsx(308,19): error TS1381: Unexpected token. Did you mean `{'}'}` or `&rbrace;`?",
        "components/dashboard/DashboardInteractive.tsx(350,13): error TS1128: Declaration or statement expected.",
        "components/dashboard/DashboardInteractive.tsx(352,3): error TS1128: Declaration or statement expected.",
        "components/dashboard/DashboardInteractive.tsx(359,1): error TS1128: Declaration or statement expected.",
        "components/dashboard/DashboardInteractive.tsx(483,23): error TS1003: Identifier expected.",
        "components/dashboard/DashboardInteractive.tsx(495,17): error TS1005: ')' expected.",
        "components/dashboard/DashboardInteractive.tsx(570,11): error TS1128: Declaration or statement expected.",
        "components/dashboard/DashboardInteractive.tsx(597,11): error TS1128: Declaration or statement expected.",
        "components/dashboard/DashboardInteractive.tsx(597,12): error TS1128: Declaration or statement expected.",
        "components/dashboard/DashboardInteractive.tsx(599,5): error TS1128: Declaration or statement expected.",
        "components/dashboard/DashboardInteractive.tsx(600,3): error TS1128: Declaration or statement expected.",
        "components/dashboard/DashboardInteractive.tsx(604,11): error TS1128: Declaration or statement expected.",
        "components/dashboard/DashboardInteractive.tsx(604,12): error TS1128: Declaration or statement expected.",
        "components/dashboard/DashboardInteractive.tsx(606,3): error TS1128: Declaration or statement expected.",
        "components/dashboard/DashboardInteractive.tsx(615,11): error TS1128: Declaration or statement expected.",
        "components/dashboard/DashboardInteractive.tsx(615,12): error TS1128: Declaration or statement expected.",
        "components/dashboard/DashboardInteractive.tsx(616,5): error TS1128: Declaration or statement expected.",
        "components/dashboard/DashboardInteractive.tsx(684,11): error TS1005: '}' expected.",
        "components/dashboard/DashboardInteractive.tsx(684,12): error TS1381: Unexpected token. Did you mean `{'}'}` or `&rbrace;`?",
        "components/dashboard/DashboardInteractive.tsx(684,13): error TS1381: Unexpected token. Did you mean `{'}'}` or `&rbrace;`?",
        "components/dashboard/DashboardInteractive.tsx(733,1): error TS1128: Declaration or statement expected.",
        "components/dashboard/DashboardInteractive.tsx(763,11): error TS1128: Declaration or statement expected.",
        "components/dashboard/DashboardInteractive.tsx(764,3): error TS1128: Declaration or statement expected.",
        "components/dashboard/DashboardInteractive.tsx(787,1): error TS1128: Declaration or statement expected.",
        "components/dashboard/DashboardInteractive.tsx(794,11): error TS1128: Declaration or statement expected.",
        "components/dashboard/DashboardInteractive.tsx(794,12): error TS1128: Declaration or statement expected.",
        "components/dashboard/DashboardInteractive.tsx(1082,11): error TS1128: Declaration or statement expected.",
        "components/dashboard/DashboardInteractive.tsx(1085,3): error TS1128: Declaration or statement expected.",
        "components/dashboard/DashboardInteractive.tsx(1085,4): error TS1128: Declaration or statement expected.",
        "components/dashboard/DashboardInteractive.tsx(1085,24): error TS1005: ';' expected.",
        "components/dashboard/DashboardInteractive.tsx(1088,1): error TS1128: Declaration or statement expected.",
        "components/Email-sequencesForm.tsx(6,30): error TS1005: '(' expected.",
        "components/Email-sequencesForm.tsx(6,58): error TS1005: ',' expected.",
        "components/Email-sequencesForm.tsx(6,85): error TS1109: Expression expected.",
        "components/Email-sequencesForm.tsx(6,88): error TS1005: ';' expected.",
        "components/Email-sequencesList.tsx(7,30): error TS1005: '(' expected.",
        "components/Email-sequencesList.tsx(7,47): error TS1005: ';' expected.",
        "components/Export-functionalityForm.tsx(6,31): error TS1005: '(' expected.",
        "components/Export-functionalityForm.tsx(6,63): error TS1005: ',' expected.",
        "components/Export-functionalityForm.tsx(6,90): error TS1109: Expression expected.",
        "components/Export-functionalityForm.tsx(6,93): error TS1005: ';' expected.",
        "components/Export-functionalityList.tsx(7,31): error TS1005: '(' expected.",
        "components/Export-functionalityList.tsx(7,52): error TS1005: ';' expected.",
        "components/landing/FinalCTASection.tsx(24,9): error TS17002: Expected corresponding JSX closing tag for 'div'.",
        "components/landing/FloatingElements.tsx(15,25): error TS1005: ',' expected.",
        "components/landing/FloatingElements.tsx(43,9): error TS1005: ')' expected.",
        "components/landing/FloatingElements.tsx(44,5): error TS1005: '}' expected.",
        "components/landing/HeroSection.tsx(15,5): error TS2657: JSX expressions must have one parent element.",
        "components/landing/HeroSection.tsx(33,11): error TS17002: Expected corresponding JSX closing tag for 'div'.",
        "components/landing/HeroSection.tsx(34,9): error TS17002: Expected corresponding JSX closing tag for 'div'.",
        "components/landing/HeroSection.tsx(65,12): error TS17008: JSX element 'div' has no corresponding closing tag.",
        "components/landing/HeroSection.tsx(144,145): error TS17002: Expected corresponding JSX closing tag for 'div'.",
        "components/landing/HeroSection.tsx(171,17): error TS17002: Expected corresponding JSX closing tag for 'div'.",
        "components/landing/HeroSection.tsx(172,68): error TS17002: Expected corresponding JSX closing tag for 'div'.",
        "components/landing/HeroSection.tsx(173,15): error TS17002: Expected corresponding JSX closing tag for 'div'.",
        "components/landing/HeroSection.tsx(176,9): error TS17002: Expected corresponding JSX closing tag for 'div'.",
        "components/landing/HeroSection.tsx(185,5): error TS1005: ')' expected.",
        "components/landing/HeroSection.tsx(186,3): error TS1109: Expression expected.",
        "components/landing/HeroSectionLight.tsx(29,9): error TS17002: Expected corresponding JSX closing tag for 'div'.",
        "components/landing/HeroSectionLight.tsx(36,10): error TS17008: JSX element 'div' has no corresponding closing tag.",
        "components/landing/HeroSectionLight.tsx(136,23): error TS17002: Expected corresponding JSX closing tag for 'div'.",
        "components/landing/HeroSectionLight.tsx(137,125): error TS17002: Expected corresponding JSX closing tag for 'div'.",
        "components/landing/HeroSectionLight.tsx(138,21): error TS17002: Expected corresponding JSX closing tag for 'div'.",
        "components/landing/HeroSectionLight.tsx(142,13): error TS17002: Expected corresponding JSX closing tag for 'div'.",
        "components/landing/HeroSectionLight.tsx(144,9): error TS17002: Expected corresponding JSX closing tag for 'div'.",
        "components/landing/HeroSectionLight.tsx(145,7): error TS1005: ')' expected.",
        "components/landing/HeroSectionLight.tsx(146,3): error TS1109: Expression expected.",
        "components/landing/TestimonialsCarousel.tsx(55,10): error TS17008: JSX element 'div' has no corresponding closing tag.",
        "components/landing/TestimonialsCarousel.tsx(77,134): error TS17002: Expected corresponding JSX closing tag for 'div'.",
        "components/landing/TestimonialsCarousel.tsx(78,135): error TS17002: Expected corresponding JSX closing tag for 'div'.",
        "components/landing/TestimonialsCarousel.tsx(80,37): error TS1005: ',' expected.",
        "components/landing/TestimonialsCarousel.tsx(98,19): error TS17002: Expected corresponding JSX closing tag for 'div'.",
        "components/landing/TestimonialsCarousel.tsx(101,118): error TS17002: Expected corresponding JSX closing tag for 'div'.",
        "components/landing/TestimonialsCarousel.tsx(103,87): error TS17002: Expected corresponding JSX closing tag for 'div'.",
        "components/landing/TestimonialsCarousel.tsx(104,81): error TS17002: Expected corresponding JSX closing tag for 'div'.",
        "components/landing/TestimonialsCarousel.tsx(105,21): error TS17002: Expected corresponding JSX closing tag for 'div'.",
        "components/landing/TestimonialsCarousel.tsx(106,19): error TS17002: Expected corresponding JSX closing tag for 'div'.",
        "components/landing/TestimonialsCarousel.tsx(107,17): error TS17002: Expected corresponding JSX closing tag for 'div'.",
        "components/landing/TestimonialsCarousel.tsx(108,15): error TS1005: ')' expected.",
        "components/landing/TestimonialsCarousel.tsx(109,11): error TS1005: '}' expected.",
        "components/landing/TestimonialsCarousel.tsx(109,13): error TS17002: Expected corresponding JSX closing tag for 'div'.",
        "components/landing/TestimonialsCarousel.tsx(110,11): error TS17002: Expected corresponding JSX closing tag for 'div'.",
        "components/landing/TestimonialsCarousel.tsx(111,9): error TS17002: Expected corresponding JSX closing tag for 'section'.",
        "components/landing/TestimonialsCarousel.tsx(112,5): error TS1005: ')' expected.",
        "components/landing/TestimonialsCarousel.tsx(113,3): error TS1109: Expression expected.",
        "components/messaging/MessageTemplateSystem.tsx(58,11): error TS1128: Declaration or statement expected.",
        "components/messaging/MessageTemplateSystem.tsx(58,12): error TS1128: Declaration or statement expected.",
        "components/messaging/MessageTemplateSystem.tsx(82,11): error TS1128: Declaration or statement expected.",
        "components/messaging/MessageTemplateSystem.tsx(85,33): error TS1005: ',' expected.",
        "components/messaging/MessageTemplateSystem.tsx(99,12): error TS1005: ')' expected.",
        "components/messaging/MessageTemplateSystem.tsx(99,14): error TS1005: ';' expected.",
        "components/messaging/MessageTemplateSystem.tsx(101,5): error TS1128: Declaration or statement expected.",
        "components/messaging/MessageTemplateSystem.tsx(101,7): error TS1005: 'try' expected.",
        "components/messaging/MessageTemplateSystem.tsx(104,3): error TS1128: Declaration or statement expected.",
        "components/messaging/MessageTemplateSystem.tsx(119,11): error TS1128: Declaration or statement expected.",
        "components/messaging/MessageTemplateSystem.tsx(119,12): error TS1128: Declaration or statement expected.",
        "components/messaging/MessageTemplateSystem.tsx(122,3): error TS1128: Declaration or statement expected.",
        "components/messaging/MessageTemplateSystem.tsx(132,11): error TS1128: Declaration or statement expected.",
        "components/messaging/MessageTemplateSystem.tsx(132,12): error TS1128: Declaration or statement expected.",
        "components/messaging/MessageTemplateSystem.tsx(255,1): error TS1128: Declaration or statement expected.",
        "components/notifications/SmartNotificationDigest.tsx(42,11): error TS1128: Declaration or statement expected.",
        "components/notifications/SmartNotificationDigest.tsx(43,9): error TS1128: Declaration or statement expected.",
        "components/notifications/SmartNotificationDigest.tsx(50,5): error TS1128: Declaration or statement expected.",
        "components/notifications/SmartNotificationDigest.tsx(50,7): error TS1005: 'try' expected.",
        "components/notifications/SmartNotificationDigest.tsx(53,3): error TS1128: Declaration or statement expected.",
        "components/notifications/SmartNotificationDigest.tsx(69,11): error TS1128: Declaration or statement expected.",
        "components/notifications/SmartNotificationDigest.tsx(70,7): error TS1128: Declaration or statement expected.",
        "components/notifications/SmartNotificationDigest.tsx(78,5): error TS1128: Declaration or statement expected.",
        "components/notifications/SmartNotificationDigest.tsx(78,6): error TS1128: Declaration or statement expected.",
        "components/notifications/SmartNotificationDigest.tsx(79,11): error TS1128: Declaration or statement expected.",
        "components/notifications/SmartNotificationDigest.tsx(79,12): error TS1128: Declaration or statement expected.",
        "components/notifications/SmartNotificationDigest.tsx(84,3): error TS1128: Declaration or statement expected.",
        "components/notifications/SmartNotificationDigest.tsx(156,17): error TS1005: ',' expected.",
        "components/notifications/SmartNotificationDigest.tsx(177,11): error TS1005: '}' expected.",
        "components/notifications/SmartNotificationDigest.tsx(177,12): error TS1381: Unexpected token. Did you mean `{'}'}` or `&rbrace;`?",
        "components/notifications/SmartNotificationDigest.tsx(177,13): error TS1381: Unexpected token. Did you mean `{'}'}` or `&rbrace;`?",
        "components/notifications/SmartNotificationDigest.tsx(191,11): error TS1005: ')' expected.",
        "components/notifications/SmartNotificationDigest.tsx(192,7): error TS1005: '}' expected.",
        "components/notifications/SmartNotificationDigest.tsx(198,1): error TS1128: Declaration or statement expected.",
        "components/Player-comparison-toolForm.tsx(6,31): error TS1005: '(' expected.",
        "components/Player-comparison-toolForm.tsx(6,65): error TS1005: ',' expected.",
        "components/Player-comparison-toolForm.tsx(6,92): error TS1109: Expression expected.",
        "components/Player-comparison-toolForm.tsx(6,95): error TS1005: ';' expected.",
        "components/Player-comparison-toolList.tsx(7,31): error TS1005: '(' expected.",
        "components/Player-comparison-toolList.tsx(7,54): error TS1005: ';' expected.",
        "components/Player-comparisonForm.tsx(6,31): error TS1005: '(' expected.",
        "components/Player-comparisonForm.tsx(6,60): error TS1005: ',' expected.",
        "components/Player-comparisonForm.tsx(6,87): error TS1109: Expression expected.",
        "components/Player-comparisonForm.tsx(6,90): error TS1005: ';' expected.",
        "components/Player-comparisonList.tsx(7,31): error TS1005: '(' expected.",
        "components/Player-comparisonList.tsx(7,49): error TS1005: ';' expected.",
        "components/player/AddAchievementModal.tsx(26,11): error TS1128: Declaration or statement expected.",
        "components/player/AddAchievementModal.tsx(47,11): error TS1128: Declaration or statement expected.",
        "components/player/AddAchievementModal.tsx(47,12): error TS1128: Declaration or statement expected.",
        "components/player/AddAchievementModal.tsx(58,11): error TS1128: Declaration or statement expected.",
        "components/player/AddAchievementModal.tsx(58,12): error TS1128: Declaration or statement expected.",
        "components/player/AddAchievementModal.tsx(60,5): error TS1128: Declaration or statement expected.",
        "components/player/AddAchievementModal.tsx(60,7): error TS1005: 'try' expected.",
        "components/player/AddAchievementModal.tsx(66,3): error TS1128: Declaration or statement expected.",
        "components/player/AddAchievementModal.tsx(104,11): error TS1005: '}' expected.",
        "components/player/AddAchievementModal.tsx(104,12): error TS1381: Unexpected token. Did you mean `{'}'}` or `&rbrace;`?",
        "components/player/AddAchievementModal.tsx(104,13): error TS1381: Unexpected token. Did you mean `{'}'}` or `&rbrace;`?",
        "components/player/AddAchievementModal.tsx(106,14): error TS1382: Unexpected token. Did you mean `{'>'}` or `&gt;`?",
        "components/player/AddAchievementModal.tsx(111,37): error TS1005: ',' expected.",
        "components/player/AddAchievementModal.tsx(123,11): error TS1005: '}' expected.",
        "components/player/AddAchievementModal.tsx(123,12): error TS1005: ',' expected.",
        "components/player/AddAchievementModal.tsx(125,17): error TS1382: Unexpected token. Did you mean `{'>'}` or `&gt;`?",
        "components/player/AddAchievementModal.tsx(127,19): error TS17002: Expected corresponding JSX closing tag for 'div'.",
        "components/player/AddAchievementModal.tsx(128,17): error TS1381: Unexpected token. Did you mean `{'}'}` or `&rbrace;`?",
        "components/player/AddAchievementModal.tsx(130,13): error TS17002: Expected corresponding JSX closing tag for 'form'.",
        "components/player/AddAchievementModal.tsx(137,11): error TS1005: '}' expected.",
        "components/player/AddAchievementModal.tsx(137,12): error TS1381: Unexpected token. Did you mean `{'}'}` or `&rbrace;`?",
        "components/player/AddAchievementModal.tsx(137,13): error TS1381: Unexpected token. Did you mean `{'}'}` or `&rbrace;`?",
        "components/player/AddAchievementModal.tsx(138,14): error TS1382: Unexpected token. Did you mean `{'>'}` or `&gt;`?",
        "components/player/AddAchievementModal.tsx(155,11): error TS17002: Expected corresponding JSX closing tag for 'DialogContent'.",
        "components/player/AddAchievementModal.tsx(156,9): error TS17002: Expected corresponding JSX closing tag for 'Dialog'.",
        "components/player/AddAchievementModal.tsx(157,5): error TS1005: ')' expected.",
        "components/player/AddAchievementModal.tsx(158,3): error TS1109: Expression expected.",
        "components/player/AddAchievementModal.tsx(159,1): error TS1128: Declaration or statement expected.",
        "components/player/CoachInterestHeatmap.tsx(87,53): error TS17002: Expected corresponding JSX closing tag for 'div'.",
        "components/player/CoachInterestHeatmap.tsx(96,9): error TS17002: Expected corresponding JSX closing tag for 'div'.",
        "components/player/CoachInterestHeatmap.tsx(110,11): error TS17002: Expected corresponding JSX closing tag for 'div'.",
        "components/player/CoachInterestHeatmap.tsx(130,11): error TS17002: Expected corresponding JSX closing tag for 'div'.",
        "components/player/CoachInterestHeatmap.tsx(131,9): error TS17002: Expected corresponding JSX closing tag for 'div'.",
        "components/player/CoachInterestHeatmap.tsx(157,9): error TS17002: Expected corresponding JSX closing tag for 'div'.",
        "components/player/CoachInterestHeatmap.tsx(178,19): error TS17002: Expected corresponding JSX closing tag for 'div'.",
        "components/player/CoachInterestHeatmap.tsx(179,17): error TS17002: Expected corresponding JSX closing tag for 'div'.",
        "components/player/CoachInterestHeatmap.tsx(190,17): error TS17002: Expected corresponding JSX closing tag for 'div'.",
        "components/player/CoachInterestHeatmap.tsx(191,15): error TS17002: Expected corresponding JSX closing tag for 'div'.",
        "components/player/CoachInterestHeatmap.tsx(197,19): error TS17002: Expected corresponding JSX closing tag for 'div'.",
        "components/player/CoachInterestHeatmap.tsx(202,21): error TS17002: Expected corresponding JSX closing tag for 'div'.",
        "components/player/CoachInterestHeatmap.tsx(204,17): error TS17002: Expected corresponding JSX closing tag for 'div'.",
        "components/player/CoachInterestHeatmap.tsx(208,15): error TS17002: Expected corresponding JSX closing tag for 'div'.",
        "components/player/CoachInterestHeatmap.tsx(209,13): error TS17002: Expected corresponding JSX closing tag for 'div'.",
        "components/player/CoachInterestHeatmap.tsx(211,9): error TS17002: Expected corresponding JSX closing tag for 'div'.",
        "components/player/CoachInterestHeatmap.tsx(212,7): error TS17002: Expected corresponding JSX closing tag for 'div'.",
        "components/player/ComparisonMatrix.tsx(32,9): error TS17002: Expected corresponding JSX closing tag for 'div'.",
        "components/player/ComparisonMatrix.tsx(107,11): error TS17002: Expected corresponding JSX closing tag for 'div'.",
        "components/player/ComparisonMatrix.tsx(108,9): error TS17002: Expected corresponding JSX closing tag for 'div'.",
        "components/player/ComparisonMatrix.tsx(111,16): error TS17002: Expected corresponding JSX closing tag for 'div'.",
        "components/player/ComparisonMatrix.tsx(119,16): error TS17008: JSX element 'div' has no corresponding closing tag.",
        "components/player/ComparisonMatrix.tsx(123,19): error TS17002: Expected corresponding JSX closing tag for 'div'.",
        "components/player/ComparisonMatrix.tsx(133,15): error TS17002: Expected corresponding JSX closing tag for 'div'.",
        "components/player/ComparisonMatrix.tsx(134,11): error TS1005: ')' expected.",
        "components/player/ComparisonMatrix.tsx(134,13): error TS17002: Expected corresponding JSX closing tag for 'div'.",
        "components/player/ComparisonMatrix.tsx(135,11): error TS1381: Unexpected token. Did you mean `{'}'}` or `&rbrace;`?",
        "components/player/ComparisonMatrix.tsx(136,9): error TS17002: Expected corresponding JSX closing tag for 'div'.",
        "components/player/ComparisonMatrix.tsx(137,7): error TS1005: ')' expected.",
        "components/player/ComparisonMatrix.tsx(139,71): error TS17002: Expected corresponding JSX closing tag for 'div'.",
        "components/player/ComparisonMatrix.tsx(148,66): error TS17002: Expected corresponding JSX closing tag for 'div'.",
        "components/player/ComparisonMatrix.tsx(162,23): error TS17002: Expected corresponding JSX closing tag for 'div'.",
        "components/player/ComparisonMatrix.tsx(165,17): error TS17002: Expected corresponding JSX closing tag for 'div'.",
        "components/player/ComparisonMatrix.tsx(168,11): error TS17002: Expected corresponding JSX closing tag for 'div'.",
        "components/player/ComparisonMatrix.tsx(169,9): error TS17002: Expected corresponding JSX closing tag for 'div'.",
        "components/player/ComparisonMatrix.tsx(182,13): error TS17002: Expected corresponding JSX closing tag for 'div'.",
        "components/player/ComparisonMatrix.tsx(195,21): error TS17002: Expected corresponding JSX closing tag for 'div'.",
        "components/player/ComparisonMatrix.tsx(197,19): error TS17002: Expected corresponding JSX closing tag for 'div'.",
        "components/player/ComparisonMatrix.tsx(200,13): error TS17002: Expected corresponding JSX closing tag for 'div'.",
        "components/player/ComparisonMatrix.tsx(201,11): error TS17002: Expected corresponding JSX closing tag for 'div'.",
        "components/player/ComparisonMatrix.tsx(203,5): error TS1128: Declaration or statement expected.",
        "components/player/ComparisonMatrix.tsx(204,3): error TS1109: Expression expected.",
        "components/player/dashboard/Overview/player-overview-quick-stats.tsx(104,11): error TS1005: ')' expected.",
        "components/player/dashboard/Overview/player-overview-recent-games.tsx(104,16): error TS1005: ',' expected.",
        "components/player/dashboard/Overview/player-overview-recent-games.tsx(124,11): error TS1005: ')' expected.",
        "components/player/dashboard/Overview/player-overview-recent-games.tsx(125,7): error TS1005: '}' expected.",
        "components/player/dashboard/Performance/player-performance-filters.tsx(14,11): error TS1128: Declaration or statement expected.",
        "components/player/dashboard/Performance/player-performance-filters.tsx(14,12): error TS1128: Declaration or statement expected.",
        "components/player/dashboard/Performance/player-performance-filters.tsx(22,11): error TS1005: '}' expected.",
        "components/player/dashboard/Performance/player-performance-filters.tsx(22,12): error TS1381: Unexpected token. Did you mean `{'}'}` or `&rbrace;`?",
        "components/player/dashboard/Performance/player-performance-filters.tsx(22,13): error TS1381: Unexpected token. Did you mean `{'}'}` or `&rbrace;`?",
        "components/player/dashboard/Performance/player-performance-filters.tsx(28,10): error TS1382: Unexpected token. Did you mean `{'>'}` or `&gt;`?",
        "components/player/dashboard/Performance/player-performance-filters.tsx(33,11): error TS1005: '}' expected.",
        "components/player/dashboard/Performance/player-performance-filters.tsx(33,12): error TS1381: Unexpected token. Did you mean `{'}'}` or `&rbrace;`?",
        "components/player/dashboard/Performance/player-performance-filters.tsx(33,13): error TS1381: Unexpected token. Did you mean `{'}'}` or `&rbrace;`?",
        "components/player/dashboard/Performance/player-performance-filters.tsx(39,10): error TS1382: Unexpected token. Did you mean `{'>'}` or `&gt;`?",
        "components/player/dashboard/Performance/player-performance-filters.tsx(44,11): error TS1005: '}' expected.",
        "components/player/dashboard/Performance/player-performance-filters.tsx(44,12): error TS1381: Unexpected token. Did you mean `{'}'}` or `&rbrace;`?",
        "components/player/dashboard/Performance/player-performance-filters.tsx(44,13): error TS1381: Unexpected token. Did you mean `{'}'}` or `&rbrace;`?",
        "components/player/dashboard/Performance/player-performance-filters.tsx(51,10): error TS1382: Unexpected token. Did you mean `{'>'}` or `&gt;`?",
        "components/player/dashboard/Performance/player-performance-filters.tsx(56,11): error TS1005: '}' expected.",
        "components/player/dashboard/Performance/player-performance-filters.tsx(56,12): error TS1381: Unexpected token. Did you mean `{'}'}` or `&rbrace;`?",
        "components/player/dashboard/Performance/player-performance-filters.tsx(56,13): error TS1381: Unexpected token. Did you mean `{'}'}` or `&rbrace;`?",
        "components/player/dashboard/Performance/player-performance-filters.tsx(63,10): error TS1382: Unexpected token. Did you mean `{'>'}` or `&gt;`?",
        "components/player/dashboard/Performance/player-performance-filters.tsx(80,11): error TS1128: Declaration or statement expected.",
        "components/player/dashboard/Performance/player-performance-filters.tsx(80,12): error TS1128: Declaration or statement expected.",
        "components/player/dashboard/Performance/player-performance-filters.tsx(89,20): error TS1005: ',' expected.",
        "components/player/dashboard/Performance/player-performance-filters.tsx(100,13): error TS1005: ')' expected.",
        "components/player/dashboard/Performance/player-performance-filters.tsx(101,9): error TS1005: '}' expected.",
        "components/player/dashboard/Performance/player-performance-summary-tiles.tsx(13,11): error TS1128: Declaration or statement expected.",
        "components/player/dashboard/Performance/player-performance-summary-tiles.tsx(13,12): error TS1128: Declaration or statement expected.",
        "components/player/dashboard/Performance/player-performance-summary-tiles.tsx(31,16): error TS1005: ',' expected.",
        "components/player/dashboard/Performance/player-performance-summary-tiles.tsx(43,11): error TS1005: ')' expected.",
        "components/player/dashboard/Performance/player-performance-summary-tiles.tsx(44,7): error TS1005: '}' expected.",
        "components/player/dashboard/Recruiting/player-recruiting-summary.tsx(13,11): error TS1128: Declaration or statement expected.",
        "components/player/dashboard/Recruiting/player-recruiting-summary.tsx(13,12): error TS1128: Declaration or statement expected.",
        "components/player/dashboard/Recruiting/player-recruiting-summary.tsx(28,16): error TS1005: ',' expected.",
        "components/player/dashboard/Recruiting/player-recruiting-summary.tsx(40,11): error TS1005: ')' expected.",
        "components/player/dashboard/Recruiting/player-recruiting-summary.tsx(41,7): error TS1005: '}' expected.",
        "components/player/dashboard/Settings/player-visibility-settings.tsx(36,11): error TS1128: Declaration or statement expected.",
        "components/player/dashboard/Settings/player-visibility-settings.tsx(36,12): error TS1128: Declaration or statement expected.",
        "components/player/dashboard/Settings/player-visibility-settings.tsx(49,11): error TS1128: Declaration or statement expected.",
        "components/player/dashboard/Settings/player-visibility-settings.tsx(57,11): error TS1128: Declaration or statement expected.",
        "components/player/dashboard/Settings/player-visibility-settings.tsx(57,12): error TS1128: Declaration or statement expected.",
        "components/player/dashboard/Settings/player-visibility-settings.tsx(58,3): error TS1128: Declaration or statement expected.",
        "components/player/dashboard/Settings/player-visibility-settings.tsx(77,11): error TS1128: Declaration or statement expected.",
        "components/player/dashboard/Settings/player-visibility-settings.tsx(77,12): error TS1128: Declaration or statement expected.",
        "components/player/dashboard/Settings/player-visibility-settings.tsx(78,9): error TS1128: Declaration or statement expected.",
        "components/player/dashboard/Settings/player-visibility-settings.tsx(83,5): error TS1128: Declaration or statement expected.",
        "components/player/dashboard/Settings/player-visibility-settings.tsx(83,7): error TS1005: 'try' expected.",
        "components/player/dashboard/Settings/player-visibility-settings.tsx(89,3): error TS1128: Declaration or statement expected.",
        "components/player/dashboard/Settings/player-visibility-settings.tsx(162,25): error TS1005: ',' expected.",
        "components/player/dashboard/Settings/player-visibility-settings.tsx(224,1): error TS1128: Declaration or statement expected.",
        "components/player/dashboard/Settings/player-visibility-settings.tsx(227,11): error TS1128: Declaration or statement expected.",
        "components/player/dashboard/Settings/player-visibility-settings.tsx(227,12): error TS1128: Declaration or statement expected.",
        "components/player/discover-camps.tsx(32,16): error TS1005: ',' expected.",
        "components/player/discover-camps.tsx(71,11): error TS1005: ')' expected.",
        "components/player/discover-camps.tsx(72,7): error TS1005: '}' expected.",
        "components/player/discover-featured-programs.tsx(22,19): error TS1005: ',' expected.",
        "components/player/discover-featured-programs.tsx(68,11): error TS1005: ')' expected.",
        "components/player/discover-featured-programs.tsx(69,7): error TS1005: '}' expected.",
        "components/player/discover-recommended-programs.tsx(11,11): error TS1131: Property or signature expected.",
        "components/player/discover-recommended-programs.tsx(12,12): error TS1109: Expression expected.",
        "components/player/discover-recommended-programs.tsx(12,41): error TS1109: Expression expected.",
        "components/player/discover-recommended-programs.tsx(13,1): error TS1128: Declaration or statement expected.",
        "components/player/discover-recommended-programs.tsx(28,19): error TS1005: ',' expected.",
        "components/player/discover-recommended-programs.tsx(63,11): error TS1005: ')' expected.",
        "components/player/discover-recommended-programs.tsx(64,7): error TS1005: '}' expected.",
        "components/player/discover-trending-players-lite.tsx(29,18): error TS1005: ',' expected.",
        "components/player/discover-trending-players-lite.tsx(48,11): error TS1005: ')' expected.",
        "components/player/discover-trending-players-lite.tsx(49,7): error TS1005: '}' expected.",
        "components/player/ProfileCompletionCoach.tsx(175,20): error TS1005: ',' expected.",
        "components/player/ProfileCompletionCoach.tsx(204,15): error TS1005: ')' expected.",
        "components/player/ProfileCompletionCoach.tsx(205,11): error TS1005: '}' expected.",
        "components/player/VideoAnalysisTools.tsx(212,26): error TS1005: ',' expected.",
        "components/player/VideoAnalysisTools.tsx(240,15): error TS1005: ')' expected.",
        "components/player/VideoAnalysisTools.tsx(241,11): error TS1005: '}' expected.",
        "components/pwa/PWASummary.tsx(38,11): error TS1128: Declaration or statement expected.",
        "components/pwa/PWASummary.tsx(39,3): error TS1128: Declaration or statement expected.",
        "components/pwa/PWASummary.tsx(39,4): error TS1128: Declaration or statement expected.",
        "components/pwa/PWASummary.tsx(39,8): error TS1005: ';' expected.",
        "components/pwa/PWASummary.tsx(148,25): error TS1005: ',' expected.",
        "components/pwa/PWASummary.tsx(163,13): error TS1005: ')' expected.",
        "components/pwa/PWASummary.tsx(164,9): error TS1005: '}' expected.",
        "components/pwa/PWASummary.tsx(168,1): error TS1128: Declaration or statement expected.",
        "components/Recruiting-analyticsForm.tsx(6,35): error TS1005: '(' expected.",
        "components/Recruiting-analyticsForm.tsx(6,63): error TS1005: ',' expected.",
        "components/Recruiting-analyticsForm.tsx(6,90): error TS1109: Expression expected.",
        "components/Recruiting-analyticsForm.tsx(6,93): error TS1005: ';' expected.",
        "components/Recruiting-analyticsList.tsx(7,35): error TS1005: '(' expected.",
        "components/Recruiting-analyticsList.tsx(7,52): error TS1005: ';' expected.",
        "components/Recruiting-pipelineForm.tsx(6,35): error TS1005: '(' expected.",
        "components/Recruiting-pipelineForm.tsx(6,62): error TS1005: ',' expected.",
        "components/Recruiting-pipelineForm.tsx(6,89): error TS1109: Expression expected.",
        "components/Recruiting-pipelineForm.tsx(6,92): error TS1005: ';' expected.",
        "components/Recruiting-pipelineList.tsx(7,35): error TS1005: '(' expected.",
        "components/Recruiting-pipelineList.tsx(7,51): error TS1005: ';' expected.",
        "components/Recruiting-templatesForm.tsx(6,35): error TS1005: '(' expected.",
        "components/Recruiting-templatesForm.tsx(6,63): error TS1005: ',' expected.",
        "components/Recruiting-templatesForm.tsx(6,90): error TS1109: Expression expected.",
        "components/Recruiting-templatesForm.tsx(6,93): error TS1005: ';' expected.",
        "components/Recruiting-templatesList.tsx(7,35): error TS1005: '(' expected.",
        "components/Recruiting-templatesList.tsx(7,52): error TS1005: ';' expected.",
        "components/Recruiting-timelineForm.tsx(6,35): error TS1005: '(' expected.",
        "components/Recruiting-timelineForm.tsx(6,62): error TS1005: ',' expected.",
        "components/Recruiting-timelineForm.tsx(6,89): error TS1109: Expression expected.",
        "components/Recruiting-timelineForm.tsx(6,92): error TS1005: ';' expected.",
        "components/Recruiting-timelineList.tsx(7,35): error TS1005: '(' expected.",
        "components/Recruiting-timelineList.tsx(7,51): error TS1005: ';' expected.",
        "components/recruiting/CampusVisitCoordinator.tsx(116,52): error TS17002: Expected corresponding JSX closing tag for 'div'.",
        "components/recruiting/CampusVisitCoordinator.tsx(125,11): error TS17002: Expected corresponding JSX closing tag for 'div'.",
        "components/recruiting/CampusVisitCoordinator.tsx(135,9): error TS17002: Expected corresponding JSX closing tag for 'div'.",
        "components/recruiting/CampusVisitCoordinator.tsx(143,12): error TS17008: JSX element 'div' has no corresponding closing tag.",
        "components/recruiting/CampusVisitCoordinator.tsx(151,15): error TS17002: Expected corresponding JSX closing tag for 'div'.",
        "components/recruiting/CampusVisitCoordinator.tsx(159,15): error TS17002: Expected corresponding JSX closing tag for 'div'.",
        "components/recruiting/CampusVisitCoordinator.tsx(164,9): error TS1005: ')' expected.",
        "components/recruiting/CampusVisitCoordinator.tsx(164,11): error TS17002: Expected corresponding JSX closing tag for 'div'.",
        "components/recruiting/CampusVisitCoordinator.tsx(189,17): error TS17002: Expected corresponding JSX closing tag for 'div'.",
        "components/recruiting/CampusVisitCoordinator.tsx(205,17): error TS17002: Expected corresponding JSX closing tag for 'div'.",
        "components/recruiting/CampusVisitCoordinator.tsx(206,15): error TS17002: Expected corresponding JSX closing tag for 'div'.",
        "components/recruiting/CampusVisitCoordinator.tsx(211,17): error TS17002: Expected corresponding JSX closing tag for 'div'.",
        "components/recruiting/CampusVisitCoordinator.tsx(220,17): error TS17002: Expected corresponding JSX closing tag for 'div'.",
        "components/recruiting/CampusVisitCoordinator.tsx(229,21): error TS17002: Expected corresponding JSX closing tag for 'div'.",
        "components/recruiting/CampusVisitCoordinator.tsx(235,21): error TS17002: Expected corresponding JSX closing tag for 'div'.",
        "components/recruiting/CampusVisitCoordinator.tsx(237,17): error TS17002: Expected corresponding JSX closing tag for 'div'.",
        "components/recruiting/CampusVisitCoordinator.tsx(261,17): error TS17002: Expected corresponding JSX closing tag for 'div'.",
        "components/recruiting/CampusVisitCoordinator.tsx(263,13): error TS17002: Expected corresponding JSX closing tag for 'div'.",
        "components/recruiting/CampusVisitCoordinator.tsx(265,9): error TS17002: Expected corresponding JSX closing tag for 'div'.",
        "components/recruiting/CampusVisitCoordinator.tsx(271,11): error TS17002: Expected corresponding JSX closing tag for 'div'.",
        "components/recruiting/CampusVisitCoordinator.tsx(273,5): error TS1128: Declaration or statement expected.",
        "components/recruiting/CampusVisitCoordinator.tsx(274,3): error TS1109: Expression expected.",
        "components/recruiting/CampusVisitCoordinator.tsx(275,1): error TS1128: Declaration or statement expected.",
        "components/recruiting/RecruitmentTimeline.tsx(92,54): error TS17002: Expected corresponding JSX closing tag for 'div'.",
        "components/recruiting/RecruitmentTimeline.tsx(101,11): error TS17002: Expected corresponding JSX closing tag for 'div'.",
        "components/recruiting/RecruitmentTimeline.tsx(109,9): error TS17002: Expected corresponding JSX closing tag for 'div'.",
        "components/recruiting/RecruitmentTimeline.tsx(117,12): error TS17008: JSX element 'div' has no corresponding closing tag.",
        "components/recruiting/RecruitmentTimeline.tsx(140,9): error TS1005: ')' expected.",
        "components/recruiting/RecruitmentTimeline.tsx(140,11): error TS17002: Expected corresponding JSX closing tag for 'div'.",
        "components/recruiting/RecruitmentTimeline.tsx(158,19): error TS17002: Expected corresponding JSX closing tag for 'div'.",
        "components/recruiting/RecruitmentTimeline.tsx(166,21): error TS17002: Expected corresponding JSX closing tag for 'div'.",
        "components/recruiting/RecruitmentTimeline.tsx(184,21): error TS17002: Expected corresponding JSX closing tag for 'div'.",
        "components/recruiting/RecruitmentTimeline.tsx(185,19): error TS17002: Expected corresponding JSX closing tag for 'div'.",
        "components/recruiting/RecruitmentTimeline.tsx(186,17): error TS17002: Expected corresponding JSX closing tag for 'div'.",
        "components/recruiting/RecruitmentTimeline.tsx(189,11): error TS17002: Expected corresponding JSX closing tag for 'div'.",
        "components/recruiting/RecruitmentTimeline.tsx(195,13): error TS17002: Expected corresponding JSX closing tag for 'div'.",
        "components/recruiting/RecruitmentTimeline.tsx(197,9): error TS17002: Expected corresponding JSX closing tag for 'div'.",
        "components/recruiting/RecruitmentTimeline.tsx(198,5): error TS1128: Declaration or statement expected.",
        "components/recruiting/RecruitmentTimeline.tsx(199,3): error TS1109: Expression expected.",
        "components/recruiting/RecruitmentTimeline.tsx(200,1): error TS1128: Declaration or statement expected.",
        "components/scheduling/SmartSchedulingAssistant.tsx(90,13): error TS1472: 'catch' or 'finally' expected.",
        "components/scheduling/SmartSchedulingAssistant.tsx(115,11): error TS1128: Declaration or statement expected.",
        "components/scheduling/SmartSchedulingAssistant.tsx(116,7): error TS1128: Declaration or statement expected.",
        "components/scheduling/SmartSchedulingAssistant.tsx(119,5): error TS1128: Declaration or statement expected.",
        "components/scheduling/SmartSchedulingAssistant.tsx(119,7): error TS1005: 'try' expected.",
        "components/scheduling/SmartSchedulingAssistant.tsx(124,3): error TS1128: Declaration or statement expected.",
        "components/scheduling/SmartSchedulingAssistant.tsx(133,11): error TS1128: Declaration or statement expected.",
        "components/scheduling/SmartSchedulingAssistant.tsx(133,12): error TS1128: Declaration or statement expected.",
        "components/scheduling/SmartSchedulingAssistant.tsx(133,13): error TS1128: Declaration or statement expected.",
        "components/scheduling/SmartSchedulingAssistant.tsx(134,3): error TS1128: Declaration or statement expected.",
        "components/scheduling/SmartSchedulingAssistant.tsx(171,31): error TS1005: ',' expected.",
        "components/scheduling/SmartSchedulingAssistant.tsx(213,17): error TS1005: ')' expected.",
        "components/scheduling/SmartSchedulingAssistant.tsx(214,13): error TS1005: '}' expected.",
        "components/scheduling/SmartSchedulingAssistant.tsx(238,1): error TS1128: Declaration or statement expected.",
        "components/search/AdvancedFilters.tsx(52,11): error TS1128: Declaration or statement expected.",
        "components/search/AdvancedFilters.tsx(53,3): error TS1128: Declaration or statement expected.",
        "components/search/AdvancedFilters.tsx(77,11): error TS1128: Declaration or statement expected.",
        "components/search/AdvancedFilters.tsx(77,12): error TS1128: Declaration or statement expected.",
        "components/search/AdvancedFilters.tsx(78,3): error TS1128: Declaration or statement expected.",
        "components/search/AdvancedFilters.tsx(94,4): error TS1005: ')' expected.",
        "components/search/AdvancedFilters.tsx(95,18): error TS1005: ',' expected.",
        "components/search/AdvancedFilters.tsx(98,3): error TS1128: Declaration or statement expected.",
        "components/search/AdvancedFilters.tsx(98,4): error TS1128: Declaration or statement expected.",
        "components/search/AdvancedFilters.tsx(99,11): error TS1128: Declaration or statement expected.",
        "components/search/AdvancedFilters.tsx(99,12): error TS1128: Declaration or statement expected.",
        "components/search/AdvancedFilters.tsx(99,14): error TS1128: Declaration or statement expected.",
        "components/search/AdvancedFilters.tsx(164,20): error TS1003: Identifier expected.",
        "components/search/AdvancedFilters.tsx(180,13): error TS1005: ')' expected.",
        "components/search/AdvancedFilters.tsx(363,1): error TS1128: Declaration or statement expected.",
        "components/search/FilterPresets.tsx(97,11): error TS1128: Declaration or statement expected.",
        "components/search/FilterPresets.tsx(180,18): error TS1005: ',' expected.",
        "components/search/FilterPresets.tsx(206,11): error TS1005: ')' expected.",
        "components/search/FilterPresets.tsx(207,7): error TS1005: '}' expected.",
        "components/search/FilterPresets.tsx(210,1): error TS1128: Declaration or statement expected.",
        "components/search/NaturalLanguageSearch.tsx(103,43): error TS1161: Unterminated regular expression literal.",
        "components/search/NaturalLanguageSearch.tsx(104,13): error TS1127: Invalid character.",
        "components/search/NaturalLanguageSearch.tsx(104,16): error TS1109: Expression expected.",
        "components/search/NaturalLanguageSearch.tsx(131,7): error TS1005: 'try' expected.",
        "components/search/NaturalLanguageSearch.tsx(136,3): error TS1128: Declaration or statement expected.",
        "components/search/NaturalLanguageSearch.tsx(136,4): error TS1128: Declaration or statement expected.",
        "components/search/NaturalLanguageSearch.tsx(136,32): error TS1005: ';' expected.",
        "components/search/NaturalLanguageSearch.tsx(227,29): error TS1005: ',' expected.",
        "components/search/NaturalLanguageSearch.tsx(247,15): error TS1005: ')' expected.",
        "components/search/NaturalLanguageSearch.tsx(248,11): error TS1005: '}' expected.",
        "components/search/NaturalLanguageSearch.tsx(253,1): error TS1128: Declaration or statement expected.",
        "components/shared/player-list-item.tsx(101,24): error TS1005: ',' expected.",
        "components/shared/player-list-item.tsx(110,17): error TS1005: ')' expected.",
        "components/shared/player-list-item.tsx(111,13): error TS1005: '}' expected.",
        "components/team/team-overview.tsx(37,11): error TS1128: Declaration or statement expected.",
        "components/team/team-overview.tsx(46,11): error TS1128: Declaration or statement expected.",
        "components/team/team-overview.tsx(46,12): error TS1128: Declaration or statement expected.",
        "components/team/team-overview.tsx(55,3): error TS1128: Declaration or statement expected.",
        "components/team/team-overview.tsx(86,11): error TS1005: '}' expected.",
        "components/team/team-overview.tsx(86,12): error TS1381: Unexpected token. Did you mean `{'}'}` or `&rbrace;`?",
        "components/team/team-overview.tsx(86,13): error TS1381: Unexpected token. Did you mean `{'}'}` or `&rbrace;`?",
        "components/team/team-overview.tsx(90,22): error TS1382: Unexpected token. Did you mean `{'>'}` or `&gt;`?",
        "components/team/team-overview.tsx(99,11): error TS1005: '}' expected.",
        "components/team/team-overview.tsx(99,12): error TS1381: Unexpected token. Did you mean `{'}'}` or `&rbrace;`?",
        "components/team/team-overview.tsx(99,13): error TS1381: Unexpected token. Did you mean `{'}'}` or `&rbrace;`?",
        "components/team/team-overview.tsx(103,22): error TS1382: Unexpected token. Did you mean `{'>'}` or `&gt;`?",
        "components/team/team-overview.tsx(142,21): error TS1003: Identifier expected.",
        "components/team/team-overview.tsx(157,17): error TS1005: ')' expected.",
        "components/team/team-overview.tsx(194,1): error TS1128: Declaration or statement expected.",
        "components/team/team-tabs.tsx(22,15): error TS1005: ',' expected.",
        "components/team/team-tabs.tsx(37,11): error TS1005: ')' expected.",
        "components/team/team-tabs.tsx(38,7): error TS1005: '}' expected.",
        "components/ui/GlassAvatar.tsx(404,23): error TS1005: ',' expected.",
        "components/ui/GlassAvatar.tsx(420,9): error TS1005: ')' expected.",
        "components/ui/GlassAvatar.tsx(422,7): error TS1005: '}' expected.",
        "components/ui/GlassCard.tsx(251,11): error TS1005: '}' expected.",
        "components/ui/GlassCard.tsx(251,12): error TS1381: Unexpected token. Did you mean `{'}'}` or `&rbrace;`?",
        "components/ui/GlassCard.tsx(251,26): error TS1382: Unexpected token. Did you mean `{'>'}` or `&gt;`?",
        "components/ui/GlassCard.tsx(257,9): error TS1381: Unexpected token. Did you mean `{'}'}` or `&rbrace;`?",
        "components/ui/GlassCard.tsx(476,18): error TS1005: ',' expected.",
        "components/ui/GlassCard.tsx(494,11): error TS1005: ')' expected.",
        "components/ui/GlassCard.tsx(496,9): error TS1005: '}' expected.",
        "components/ui/GlassDropdown.tsx(48,11): error TS1128: Declaration or statement expected.",
        "components/ui/GlassDropdown.tsx(59,11): error TS1128: Declaration or statement expected.",
        "components/ui/GlassDropdown.tsx(59,12): error TS1128: Declaration or statement expected.",
        "components/ui/GlassDropdown.tsx(60,5): error TS1128: Declaration or statement expected.",
        "components/ui/GlassDropdown.tsx(61,3): error TS1128: Declaration or statement expected.",
        "components/ui/GlassDropdown.tsx(61,4): error TS1128: Declaration or statement expected.",
        "components/ui/GlassDropdown.tsx(61,13): error TS1005: ';' expected.",
        "components/ui/GlassDropdown.tsx(140,14): error TS1005: ',' expected.",
        "components/ui/GlassDropdown.tsx(194,1): error TS1128: Declaration or statement expected.",
        "components/ui/GlassDropdown.tsx(247,11): error TS1128: Declaration or statement expected.",
        "components/ui/GlassDropdown.tsx(261,11): error TS1128: Declaration or statement expected.",
        "components/ui/GlassDropdown.tsx(261,12): error TS1128: Declaration or statement expected.",
        "components/ui/GlassDropdown.tsx(262,5): error TS1128: Declaration or statement expected.",
        "components/ui/GlassDropdown.tsx(263,3): error TS1128: Declaration or statement expected.",
        "components/ui/GlassDropdown.tsx(263,4): error TS1128: Declaration or statement expected.",
        "components/ui/GlassDropdown.tsx(263,8): error TS1005: ';' expected.",
        "components/ui/GlassDropdown.tsx(395,1): error TS1128: Declaration or statement expected.",
        "components/ui/GlassDropdownMenu.tsx(467,11): error TS1128: Declaration or statement expected.",
        "components/ui/GlassDropdownMenu.tsx(497,11): error TS1128: Declaration or statement expected.",
        "components/ui/GlassDropdownMenu.tsx(497,12): error TS1128: Declaration or statement expected.",
        "components/ui/GlassDropdownMenu.tsx(498,5): error TS1128: Declaration or statement expected.",
        "components/ui/GlassDropdownMenu.tsx(499,3): error TS1128: Declaration or statement expected.",
        "components/ui/GlassDropdownMenu.tsx(499,4): error TS1128: Declaration or statement expected.",
        "components/ui/GlassDropdownMenu.tsx(499,14): error TS1005: ';' expected.",
        "components/ui/GlassDropdownMenu.tsx(559,1): error TS1128: Declaration or statement expected.",
        "components/ui/GlassDropdownMenu.tsx(585,14): error TS1005: ',' expected.",
        "components/ui/GlassDropdownMenu.tsx(696,11): error TS1128: Declaration or statement expected.",
        "components/ui/GlassDropdownMenu.tsx(797,11): error TS1128: Declaration or statement expected.",
        "components/ui/GlassDropdownMenu.tsx(797,12): error TS1128: Declaration or statement expected.",
        "components/ui/GlassDropdownMenu.tsx(798,5): error TS1128: Declaration or statement expected.",
        "components/ui/GlassDropdownMenu.tsx(809,3): error TS1128: Declaration or statement expected.",
        "components/ui/GlassDropdownMenu.tsx(809,4): error TS1128: Declaration or statement expected.",
        "components/ui/GlassDropdownMenu.tsx(809,35): error TS1005: ';' expected.",
        "components/ui/GlassDropdownMenu.tsx(952,1): error TS1128: Declaration or statement expected.",
        "components/ui/GlassDropdownMenu.tsx(1141,12): error TS1005: ',' expected.",
        "components/ui/GlassDropdownMenu.tsx(1141,13): error TS1128: Declaration or statement expected.",
        "components/ui/GlassDropdownMenu.tsx(1141,14): error TS1128: Declaration or statement expected.",
        "components/ui/GlassDropdownMenu.tsx(1142,3): error TS1128: Declaration or statement expected.",
        "components/ui/GlassDropdownMenu.tsx(1153,1): error TS1128: Declaration or statement expected.",
        "components/ui/GlassEmptyState.tsx(291,11): error TS1128: Declaration or statement expected.",
        "components/ui/GlassEmptyState.tsx(291,12): error TS1128: Declaration or statement expected.",
        "components/ui/GlassEmptyState.tsx(379,11): error TS1128: Declaration or statement expected.",
        "components/ui/GlassEmptyState.tsx(379,12): error TS1128: Declaration or statement expected.",
        "components/ui/GlassEmptyState.tsx(449,20): error TS1005: ',' expected.",
        "components/ui/GlassEmptyState.tsx(463,13): error TS1005: ')' expected.",
        "components/ui/GlassEmptyState.tsx(464,9): error TS1005: '}' expected.",
        "components/ui/GlassInput.tsx(628,22): error TS1005: ',' expected.",
        "components/ui/GlassInput.tsx(644,15): error TS1005: ')' expected.",
        "components/ui/GlassInput.tsx(645,11): error TS1005: '}' expected.",
        "components/ui/GlassPagination.tsx(291,20): error TS1005: ',' expected.",
        "components/ui/GlassPagination.tsx(316,13): error TS1005: ')' expected.",
        "components/ui/GlassPagination.tsx(317,9): error TS1005: '}' expected.",
        "components/ui/GlassPagination.tsx(664,11): error TS1005: '}' expected.",
        "components/ui/GlassPagination.tsx(664,12): error TS1381: Unexpected token. Did you mean `{'}'}` or `&rbrace;`?",
        "components/ui/GlassPagination.tsx(664,13): error TS1381: Unexpected token. Did you mean `{'}'}` or `&rbrace;`?",
        "components/ui/GlassProgressBar.tsx(575,17): error TS1005: ',' expected.",
        "components/ui/GlassProgressBar.tsx(593,11): error TS1005: ')' expected.",
        "components/ui/GlassProgressBar.tsx(594,7): error TS1005: '}' expected.",
        "components/ui/GlassProgressBar.tsx(869,11): error TS1005: '}' expected.",
        "components/ui/GlassProgressBar.tsx(869,12): error TS1381: Unexpected token. Did you mean `{'}'}` or `&rbrace;`?",
        "components/ui/GlassProgressBar.tsx(869,13): error TS1381: Unexpected token. Did you mean `{'}'}` or `&rbrace;`?",
        "components/ui/GlassSidebar.tsx(267,11): error TS1128: Declaration or statement expected.",
        "components/ui/GlassSidebar.tsx(267,12): error TS1128: Declaration or statement expected.",
        "components/ui/GlassSidebar.tsx(427,12): error TS1381: Unexpected token. Did you mean `{'}'}` or `&rbrace;`?",
        "components/ui/GlassSidebar.tsx(553,21): error TS1005: ',' expected.",
        "components/ui/GlassSidebar.tsx(585,13): error TS1005: ')' expected.",
        "components/ui/GlassSidebar.tsx(586,9): error TS1005: '}' expected.",
        "components/ui/GlassToast.tsx(386,15): error TS1005: ',' expected.",
        "components/ui/GlassToast.tsx(397,9): error TS1005: ')' expected.",
        "components/ui/GlassToast.tsx(398,5): error TS1005: '}' expected.",
        "components/ui/GlassToast.tsx(470,11): error TS1128: Declaration or statement expected.",
        "components/ui/GlassToast.tsx(481,5): error TS1128: Declaration or statement expected.",
        "components/ui/GlassToast.tsx(481,6): error TS1128: Declaration or statement expected.",
        "components/ui/GlassToast.tsx(483,3): error TS1128: Declaration or statement expected.",
        "components/ui/GlassToast.tsx(496,12): error TS1128: Declaration or statement expected.",
        "components/ui/GlassToast.tsx(496,13): error TS1128: Declaration or statement expected.",
        "components/ui/GlassToast.tsx(498,3): error TS1128: Declaration or statement expected.",
        "components/ui/GlassToast.tsx(503,12): error TS1128: Declaration or statement expected.",
        "components/ui/GlassToast.tsx(503,13): error TS1128: Declaration or statement expected.",
        "components/ui/GlassToast.tsx(505,3): error TS1128: Declaration or statement expected.",
        "components/ui/GlassToast.tsx(510,12): error TS1128: Declaration or statement expected.",
        "components/ui/GlassToast.tsx(510,13): error TS1128: Declaration or statement expected.",
        "components/ui/GlassToast.tsx(512,3): error TS1128: Declaration or statement expected.",
        "components/ui/GlassToast.tsx(517,12): error TS1128: Declaration or statement expected.",
        "components/ui/GlassToast.tsx(517,13): error TS1128: Declaration or statement expected.",
        "components/ui/GlassToast.tsx(519,3): error TS1128: Declaration or statement expected.",
        "components/ui/GlassToast.tsx(524,12): error TS1128: Declaration or statement expected.",
        "components/ui/GlassToast.tsx(524,13): error TS1128: Declaration or statement expected.",
        "components/ui/GlassToast.tsx(526,3): error TS1128: Declaration or statement expected.",
        "components/ui/GlassToast.tsx(542,11): error TS1128: Declaration or statement expected.",
        "components/ui/GlassToast.tsx(542,12): error TS1128: Declaration or statement expected.",
        "components/ui/GlassToast.tsx(550,11): error TS1128: Declaration or statement expected.",
        "components/ui/GlassToast.tsx(550,13): error TS1472: 'catch' or 'finally' expected.",
        "components/ui/GlassToast.tsx(554,7): error TS1128: Declaration or statement expected.",
        "components/ui/GlassToast.tsx(554,9): error TS1005: 'try' expected.",
        "components/ui/GlassToast.tsx(562,11): error TS1128: Declaration or statement expected.",
        "components/ui/GlassToast.tsx(566,7): error TS1128: Declaration or statement expected.",
        "components/ui/GlassToast.tsx(567,5): error TS1128: Declaration or statement expected.",
        "components/ui/GlassToast.tsx(567,6): error TS1128: Declaration or statement expected.",
        "components/ui/GlassToast.tsx(569,3): error TS1128: Declaration or statement expected.",
        "components/ui/GlassToast.tsx(597,1): error TS1128: Declaration or statement expected.",
        "components/ui/GlassToggle.tsx(342,16): error TS1005: ',' expected.",
        "components/ui/GlassToggle.tsx(360,11): error TS1005: ')' expected.",
        "components/ui/GlassToggle.tsx(361,7): error TS1005: '}' expected.",
        "components/ui/GlassTooltip.tsx(532,11): error TS1005: ',' expected.",
        "components/ui/GlassTooltip.tsx(532,12): error TS1005: ':' expected.",
        "components/ui/GlassTooltip.tsx(532,13): error TS1128: Declaration or statement expected.",
        "components/ui/GlassTooltip.tsx(533,7): error TS1128: Declaration or statement expected.",
        "components/ui/GlassTooltip.tsx(533,8): error TS1128: Declaration or statement expected.",
        "components/ui/GlassTooltip.tsx(534,11): error TS1128: Declaration or statement expected.",
        "components/ui/GlassTooltip.tsx(534,12): error TS1128: Declaration or statement expected.",
        "components/ui/GlassTooltip.tsx(535,5): error TS1128: Declaration or statement expected.",
        "components/ui/GlassTooltip.tsx(562,11): error TS1005: ',' expected.",
        "components/ui/GlassTooltip.tsx(563,57): error TS1005: '}' expected.",
        "components/ui/GlassTooltip.tsx(563,77): error TS1381: Unexpected token. Did you mean `{'}'}` or `&rbrace;`?",
        "components/ui/GlassTooltip.tsx(564,12): error TS1381: Unexpected token. Did you mean `{'}'}` or `&rbrace;`?",
        "components/ui/GlassTooltip.tsx(565,11): error TS1381: Unexpected token. Did you mean `{'}'}` or `&rbrace;`?",
        "components/ui/GlassTooltip.tsx(565,12): error TS1381: Unexpected token. Did you mean `{'}'}` or `&rbrace;`?",
        "components/ui/GlassTooltip.tsx(566,10): error TS1382: Unexpected token. Did you mean `{'>'}` or `&gt;`?",
        "components/ui/GlassTooltip.tsx(567,8): error TS1381: Unexpected token. Did you mean `{'}'}` or `&rbrace;`?",
        "components/ui/GlassTooltip.tsx(578,1): error TS1128: Declaration or statement expected.",
        "components/ui/GlassTooltip.tsx(831,14): error TS1005: ',' expected.",
        "components/ui/GlassTooltip.tsx(848,9): error TS1005: ')' expected.",
        "components/ui/GlassTooltip.tsx(849,5): error TS1005: '}' expected.",
        "components/ui/loading-state.tsx(56,7): error TS17002: Expected corresponding JSX closing tag for 'div'.",
        "components/ui/loading-state.tsx(67,9): error TS17002: Expected corresponding JSX closing tag for 'div'.",
        "components/ui/loading-state.tsx(70,7): error TS17002: Expected corresponding JSX closing tag for 'div'.",
        "components/ui/loading-state.tsx(91,9): error TS17002: Expected corresponding JSX closing tag for 'div'.",
        "components/ui/loading-state.tsx(100,15): error TS17002: Expected corresponding JSX closing tag for 'div'.",
        "components/ui/loading-state.tsx(101,13): error TS17002: Expected corresponding JSX closing tag for 'div'.",
        "components/ui/loading-state.tsx(103,9): error TS17002: Expected corresponding JSX closing tag for 'div'.",
        "components/ui/loading-state.tsx(104,7): error TS17002: Expected corresponding JSX closing tag for 'div'.",
        "components/ui/loading-state.tsx(144,17): error TS17002: Expected corresponding JSX closing tag for 'div'.",
        "components/ui/loading-state.tsx(195,15): error TS17002: Expected corresponding JSX closing tag for 'div'.",
        "components/ui/loading-state.tsx(196,13): error TS17002: Expected corresponding JSX closing tag for 'div'.",
        "components/ui/loading-state.tsx(197,11): error TS17002: Expected corresponding JSX closing tag for 'div'.",
        "components/ui/loading-state.tsx(198,9): error TS17002: Expected corresponding JSX closing tag for 'div'.",
        "components/ui/loading-state.tsx(199,7): error TS17002: Expected corresponding JSX closing tag for 'div'.",
        "components/ui/loading-state.tsx(234,11): error TS17002: Expected corresponding JSX closing tag for 'div'.",
        "components/ui/loading-state.tsx(235,9): error TS17002: Expected corresponding JSX closing tag for 'div'.",
        "components/ui/loading-state.tsx(255,17): error TS17002: Expected corresponding JSX closing tag for 'div'.",
        "components/ui/loading-state.tsx(257,13): error TS17002: Expected corresponding JSX closing tag for 'div'.",
        "components/ui/loading-state.tsx(258,11): error TS17002: Expected corresponding JSX closing tag for 'div'.",
        "components/ui/loading-state.tsx(259,9): error TS17002: Expected corresponding JSX closing tag for 'div'.",
        "components/ui/loading-state.tsx(260,7): error TS17002: Expected corresponding JSX closing tag for 'div'.",
        "components/ui/loading-state.tsx(275,13): error TS17002: Expected corresponding JSX closing tag for 'div'.",
        "components/ui/loading-state.tsx(330,9): error TS17002: Expected corresponding JSX closing tag for 'div'.",
        "components/ui/loading-state.tsx(331,7): error TS17002: Expected corresponding JSX closing tag for 'div'.",
        "components/ui/loading-state.tsx(452,7): error TS17002: Expected corresponding JSX closing tag for 'div'.",
        "components/ui/MicroInteractions.tsx(101,16): error TS1005: ',' expected.",
        "components/ui/MicroInteractions.tsx(118,9): error TS1005: ')' expected.",
        "components/ui/MicroInteractions.tsx(119,5): error TS1005: '}' expected.",
        "components/ui/Pagination.tsx(155,22): error TS1005: ',' expected.",
        "components/ui/QuickActionToolbar.tsx(304,34): error TS1005: ',' expected.",
        "components/ui/QuickActionToolbar.tsx(342,21): error TS1005: ')' expected.",
        "components/ui/QuickActionToolbar.tsx(343,17): error TS1005: '}' expected."
      ],
      "fixes": []
    },
    "eslint": {
      "errors": [],
      "fixes": []
    },
    "common": {
      "errors": [
        {
          "file": "/Users/ricknini/Downloads/scoutpulse/app/(dashboard)/coach/college/discover/page.tsx",
          "type": "console-statement",
          "message": "Found 2 console.error/warn statement(s) (not auto-fixed)"
        },
        {
          "file": "/Users/ricknini/Downloads/scoutpulse/app/(dashboard)/coach/college/settings/page.tsx",
          "type": "console-statement",
          "message": "Found 6 console.error/warn statement(s) (not auto-fixed)"
        },
        {
          "file": "/Users/ricknini/Downloads/scoutpulse/app/(dashboard)/coach/college/watchlist/page.tsx",
          "type": "console-statement",
          "message": "Found 9 console.error/warn statement(s) (not auto-fixed)"
        },
        {
          "file": "/Users/ricknini/Downloads/scoutpulse/app/(dashboard)/coach/high-school/team/page.tsx",
          "type": "console-statement",
          "message": "Found 1 console.error/warn statement(s) (not auto-fixed)"
        },
        {
          "file": "/Users/ricknini/Downloads/scoutpulse/app/api/ai/generate-practice-plan/route.ts",
          "type": "console-statement",
          "message": "Found 1 console.error/warn statement(s) (not auto-fixed)"
        },
        {
          "file": "/Users/ricknini/Downloads/scoutpulse/app/api/ai/parse-schedule/route.ts",
          "type": "console-statement",
          "message": "Found 2 console.error/warn statement(s) (not auto-fixed)"
        },
        {
          "file": "/Users/ricknini/Downloads/scoutpulse/app/api/ai/parse-stats/route.ts",
          "type": "console-statement",
          "message": "Found 2 console.error/warn statement(s) (not auto-fixed)"
        },
        {
          "file": "/Users/ricknini/Downloads/scoutpulse/app/api/auth/resend-verification/route.ts",
          "type": "console-statement",
          "message": "Found 2 console.error/warn statement(s) (not auto-fixed)"
        },
        {
          "file": "/Users/ricknini/Downloads/scoutpulse/app/api/bulk-actions/route.ts",
          "type": "console-statement",
          "message": "Found 2 console.error/warn statement(s) (not auto-fixed)"
        },
        {
          "file": "/Users/ricknini/Downloads/scoutpulse/app/api/coach-notes/[id]/route.ts",
          "type": "console-statement",
          "message": "Found 5 console.error/warn statement(s) (not auto-fixed)"
        },
        {
          "file": "/Users/ricknini/Downloads/scoutpulse/app/api/coach-notes/route.ts",
          "type": "console-statement",
          "message": "Found 5 console.error/warn statement(s) (not auto-fixed)"
        },
        {
          "file": "/Users/ricknini/Downloads/scoutpulse/app/api/email-sequences/route.ts",
          "type": "console-statement",
          "message": "Found 2 console.error/warn statement(s) (not auto-fixed)"
        },
        {
          "file": "/Users/ricknini/Downloads/scoutpulse/app/api/events/[eventId]/attendance/route.ts",
          "type": "console-statement",
          "message": "Found 2 console.error/warn statement(s) (not auto-fixed)"
        },
        {
          "file": "/Users/ricknini/Downloads/scoutpulse/app/api/events/[eventId]/practice-plan/route.ts",
          "type": "console-statement",
          "message": "Found 2 console.error/warn statement(s) (not auto-fixed)"
        },
        {
          "file": "/Users/ricknini/Downloads/scoutpulse/app/api/export-functionality/route.ts",
          "type": "console-statement",
          "message": "Found 2 console.error/warn statement(s) (not auto-fixed)"
        },
        {
          "file": "/Users/ricknini/Downloads/scoutpulse/app/api/messages/[messageId]/read/route.ts",
          "type": "console-statement",
          "message": "Found 1 console.error/warn statement(s) (not auto-fixed)"
        },
        {
          "file": "/Users/ricknini/Downloads/scoutpulse/app/api/notifications/[notificationId]/read/route.ts",
          "type": "console-statement",
          "message": "Found 1 console.error/warn statement(s) (not auto-fixed)"
        },
        {
          "file": "/Users/ricknini/Downloads/scoutpulse/app/api/notifications/read-all/route.ts",
          "type": "console-statement",
          "message": "Found 1 console.error/warn statement(s) (not auto-fixed)"
        },
        {
          "file": "/Users/ricknini/Downloads/scoutpulse/app/api/notifications/route.ts",
          "type": "console-statement",
          "message": "Found 2 console.error/warn statement(s) (not auto-fixed)"
        },
        {
          "file": "/Users/ricknini/Downloads/scoutpulse/app/api/player-comparison/route.ts",
          "type": "console-statement",
          "message": "Found 2 console.error/warn statement(s) (not auto-fixed)"
        },
        {
          "file": "/Users/ricknini/Downloads/scoutpulse/app/api/player-comparison-tool/route.ts",
          "type": "console-statement",
          "message": "Found 2 console.error/warn statement(s) (not auto-fixed)"
        },
        {
          "file": "/Users/ricknini/Downloads/scoutpulse/app/api/players/invite-parent/route.ts",
          "type": "console-statement",
          "message": "Found 1 console.error/warn statement(s) (not auto-fixed)"
        },
        {
          "file": "/Users/ricknini/Downloads/scoutpulse/app/api/push/route.ts",
          "type": "console-statement",
          "message": "Found 1 console.error/warn statement(s) (not auto-fixed)"
        },
        {
          "file": "/Users/ricknini/Downloads/scoutpulse/app/api/recruiting-analytics/route.ts",
          "type": "console-statement",
          "message": "Found 2 console.error/warn statement(s) (not auto-fixed)"
        },
        {
          "file": "/Users/ricknini/Downloads/scoutpulse/app/api/recruiting-pipeline/route.ts",
          "type": "console-statement",
          "message": "Found 2 console.error/warn statement(s) (not auto-fixed)"
        },
        {
          "file": "/Users/ricknini/Downloads/scoutpulse/app/api/recruiting-templates/route.ts",
          "type": "console-statement",
          "message": "Found 2 console.error/warn statement(s) (not auto-fixed)"
        },
        {
          "file": "/Users/ricknini/Downloads/scoutpulse/app/api/recruiting-timeline/route.ts",
          "type": "console-statement",
          "message": "Found 2 console.error/warn statement(s) (not auto-fixed)"
        },
        {
          "file": "/Users/ricknini/Downloads/scoutpulse/app/api/stats/[statId]/verify/route.ts",
          "type": "console-statement",
          "message": "Found 1 console.error/warn statement(s) (not auto-fixed)"
        },
        {
          "file": "/Users/ricknini/Downloads/scoutpulse/app/api/teams/[teamId]/invite/route.ts",
          "type": "console-statement",
          "message": "Found 2 console.error/warn statement(s) (not auto-fixed)"
        },
        {
          "file": "/Users/ricknini/Downloads/scoutpulse/app/api/teams/[teamId]/messages/route.ts",
          "type": "console-statement",
          "message": "Found 2 console.error/warn statement(s) (not auto-fixed)"
        },
        {
          "file": "/Users/ricknini/Downloads/scoutpulse/app/api/teams/[teamId]/parent-access/route.ts",
          "type": "console-statement",
          "message": "Found 2 console.error/warn statement(s) (not auto-fixed)"
        },
        {
          "file": "/Users/ricknini/Downloads/scoutpulse/app/api/teams/[teamId]/stats/route.ts",
          "type": "console-statement",
          "message": "Found 2 console.error/warn statement(s) (not auto-fixed)"
        },
        {
          "file": "/Users/ricknini/Downloads/scoutpulse/app/api/teams/join/[code]/route.ts",
          "type": "console-statement",
          "message": "Found 2 console.error/warn statement(s) (not auto-fixed)"
        }
      ],
      "fixes": []
    }
  },
  "summary": {
    "totalErrors": 1244,
    "totalFixesApplied": 0,
    "duration": 16959
  }
}